IQ-TREE multicore version 1.6.12 for Mac OS X 64-bit built Aug 15 2019
Developed by Bui Quang Minh, Nguyen Lam Tung, Olga Chernomor,
Heiko Schmidt, Dominik Schrempf, Michael Woodhams.

Host:    Rowans-MacBook-Pro.local (SSE4.2, 18 GB RAM)
Command: bin/iqtree -s all_seqs.fasta -o gannoruwa_outgroup -asr
Seed:    907894 (Using SPRNG - Scalable Parallel Random Number Generator)
Time:    Fri Apr 26 09:58:04 2024
Kernel:  SSE2 - 1 threads (11 CPU cores detected)

HINT: Use -nt option to specify number of threads because your CPU has 11 cores!
HINT: -nt AUTO will automatically determine the best number of threads to use.

Reading alignment file all_seqs.fasta ... Fasta format detected
Alignment most likely contains DNA/RNA sequences
Alignment has 431 sequences with 1353 columns, 651 distinct patterns
545 parsimony-informative, 115 singleton sites, 693 constant sites
                    Gap/Ambiguity  Composition  p-value
   1  DQ666289              0.00%    passed     94.50%
   2  DQ666290              0.00%    passed     89.64%
   3  DQ866105              0.00%    passed     96.07%
   4  DQ866106              0.00%    passed     87.64%
   5  DQ866108              0.00%    passed     88.42%
   6  DQ866109              0.00%    passed     86.97%
   7  DQ866110              0.00%    passed     96.08%
   8  DQ866112              0.00%    passed     92.31%
   9  DQ866116              0.00%    passed     96.85%
  10  DQ866119              0.00%    passed     93.31%
  11  EU086182              0.00%    passed     90.50%
  12  EU086183              0.00%    passed     86.97%
  13  EU159386              0.00%    passed     90.50%
  14  EU828653              0.00%    passed     90.80%
  15  FJ561726              0.00%    passed     96.40%
  16  FJ561727              0.00%    passed     95.36%
  17  FJ561728              0.00%    passed     95.18%
  18  FJ866829              0.00%    passed     90.56%
  19  FJ866830              0.00%    passed     95.58%
  20  FJ866831              0.00%    passed     94.39%
  21  GQ472468              0.00%    passed     90.92%
  22  GQ472470              0.00%    passed     83.63%
  23  GQ472473              0.00%    passed     87.77%
  24  GQ472477              0.00%    passed     90.90%
  25  GU358653              0.00%    passed     85.59%
  26  HM486355              0.00%    passed     99.78%
  27  HM486356              0.00%    passed     99.75%
  28  HM486357              0.00%    passed     99.78%
  29  HM486358              0.00%    passed     99.78%
  30  HM486359              0.00%    passed     99.78%
  31  HM486361              0.00%    passed     99.78%
  32  HM486362              0.00%    passed     99.78%
  33  HM486364              0.00%    passed     99.78%
  34  HM486365              0.00%    passed     99.78%
  35  HM486366              0.00%    passed     99.78%
  36  HM486367              0.00%    passed     99.78%
  37  HM486368              0.00%    passed     93.95%
  38  HM486369              0.00%    passed     99.73%
  39  HM486370              0.00%    passed     99.78%
  40  HM486371              0.00%    passed     99.78%
  41  HM486372              0.00%    passed     99.78%
  42  HM486373              0.00%    passed     99.78%
  43  HM486374              0.00%    passed     99.76%
  44  HM486375              0.00%    passed     99.76%
  45  HM486379              0.00%    passed     99.53%
  46  HM486380              0.00%    passed     99.53%
  47  HM486381              0.00%    passed     95.67%
  48  JF819605              0.00%    passed     97.50%
  49  JF819615              0.00%    passed     99.73%
  50  JF819622              0.00%    passed     99.78%
  51  JN974823              0.00%    passed     97.10%
  52  JN974824              0.00%    passed     96.53%
  53  JN974828              0.00%    passed     88.23%
  54  JN974829              0.00%    passed     88.23%
  55  JN974838              0.00%    passed     96.98%
  56  JN974842              0.00%    passed     94.49%
  57  JN974845              0.00%    passed     97.26%
  58  JN974854              0.00%    passed     99.78%
  59  JN974870              0.00%    passed     99.93%
  60  JN974871              0.00%    passed     99.70%
  61  JN974872              0.00%    passed     99.50%
  62  JN974873              0.00%    passed     99.16%
  63  JQ970480              0.00%    passed     97.10%
  64  KT221107              0.00%    passed     98.25%
  65  KT894558              0.00%    passed     93.97%
  66  KT894572              0.00%    passed     95.98%
  67  KT894573              0.00%    passed     99.39%
  68  KT894577              0.00%    passed     86.40%
  69  KT894578              0.00%    passed     83.33%
  70  KX148264              0.00%    passed     85.59%
  71  KY451767              0.00%    passed     95.15%
  72  MG201879              0.00%    passed     88.53%
  73  MG201880              0.00%    passed     87.77%
  74  MG201884              0.00%    passed     88.23%
  75  MG201919              0.00%    passed     86.60%
  76  MG201921              0.00%    passed     85.43%
  77  FJ598135              0.00%    passed     97.28%
  78  FJ712195              0.00%    passed     97.76%
  79  FJ712196              0.00%    passed     96.13%
  80  GU647092              0.00%    passed     97.80%
  81  KF726852              0.00%    passed     89.21%
  82  KP319184              0.00%    passed     89.21%
  83  KP319185              0.00%    passed     97.05%
  84  KP319186              0.00%    passed     98.67%
  85  KP319187              0.00%    passed     97.10%
  86  KP319188              0.00%    passed     98.08%
  87  KP319189              0.00%    passed     97.10%
  88  KP319190              0.00%    passed     98.20%
  89  KP319191              0.00%    passed     96.83%
  90  KP319192              0.00%    passed     97.80%
  91  KP319193              0.00%    passed     96.71%
  92  KP319194              0.00%    passed     93.96%
  93  KP319195              0.00%    passed     92.13%
  94  KP319196              0.00%    passed     94.94%
  95  KP319197              0.00%    passed     94.94%
  96  KP319198              0.00%    passed     94.94%
  97  KP319199              0.00%    passed     98.70%
  98  KP319200              0.00%    passed     94.94%
  99  KP319201              0.00%    passed     98.82%
 100  KP319202              0.00%    passed     94.94%
 101  KP319203              0.00%    passed     89.76%
 102  KP319204              0.00%    passed     92.34%
 103  KP319205              0.00%    passed     96.31%
 104  KP319206              0.00%    passed     99.45%
 105  KP319207              0.00%    passed     99.52%
 106  KP319208              0.00%    passed     94.94%
 107  KP319209              0.00%    passed     94.94%
 108  KP319210              0.00%    passed     94.94%
 109  KP319211              0.00%    passed     94.94%
 110  KP319212              0.00%    passed     92.34%
 111  KP319213              0.00%    passed     94.94%
 112  AB519642              0.00%    passed     91.48%
 113  AF070449              0.00%    passed     86.74%
 114  AF351847              0.00%    passed     95.79%
 115  AF351852              0.00%    passed     82.99%
 116  AY854587              0.00%    passed     81.62%
 117  AY854592              0.00%    passed     98.02%
 118  AY854594              0.00%    passed     98.80%
 119  AY877433              0.00%    passed     90.81%
 120  AY877434              0.00%    passed     91.95%
 121  AY877435              0.00%    passed     92.28%
 122  GU592648              0.00%    passed     85.06%
 123  KF656696              0.00%    passed     96.71%
 124  KF656697              0.00%    passed     96.71%
 125  KF864234              0.00%    passed     88.87%
 126  KF864322              0.00%    passed     89.01%
 127  KF864397              0.00%    passed     78.32%
 128  KM594040              0.00%    passed     88.75%
 129  KM594041              0.00%    passed     66.56%
 130  KM594042              0.00%    passed     95.38%
 131  KP202393              0.00%    passed     89.28%
 132  KT023101              0.00%    passed     59.07%
 133  KU523255              0.00%    passed     59.07%
 134  MN968374              0.00%    passed     99.97%
 135  MN968375              0.00%    passed     99.87%
 136  MN968376              0.00%    passed     99.87%
 137  MN968377              0.00%    passed     99.89%
 138  MN968378              0.00%    passed     99.89%
 139  MN968379              0.00%    passed     99.89%
 140  MN968380              0.00%    passed     99.89%
 141  MN968381              0.00%    passed     99.89%
 142  MN968382              0.00%    passed     99.89%
 143  MN968383              0.00%    passed     99.89%
 144  MN968384              0.00%    passed     99.89%
 145  MN968385              0.00%    passed     99.89%
 146  MN968386              0.00%    passed     99.71%
 147  MN968387              0.00%    passed     99.87%
 148  MT891038              0.00%    passed     86.71%
 149  MW249020              0.00%    passed     97.60%
 150  MW249021              0.00%    passed     86.71%
 151  AB284509              0.00%    passed     97.20%
 152  AB284510              0.00%    passed     97.20%
 153  AB284511              0.00%    passed     97.73%
 154  AB284512              0.00%    passed     98.03%
 155  AB284513              0.00%    passed     96.89%
 156  AB284514              0.00%    passed     98.03%
 157  AB285215              0.00%    passed     97.20%
 158  EU853582              0.00%    passed     99.07%
 159  EU853584              0.00%    passed     95.56%
 160  EU853585              0.00%    passed     95.56%
 161  EU853586              0.00%    passed     94.73%
 162  EU853587              0.00%    passed     98.91%
 163  EU853588              0.00%    passed     98.91%
 164  EU853589              0.00%    passed     98.91%
 165  EU853590              0.00%    passed     98.34%
 166  HM179504              0.00%    passed     88.27%
 167  HM179505              0.00%    passed     90.35%
 168  HM179506              0.00%    passed     95.70%
 169  KF155002              0.00%    passed     96.60%
 170  KR534217              0.00%    passed     95.60%
 171  KR534218              0.00%    passed     95.60%
 172  KR534219              0.00%    passed     98.21%
 173  KR534220              0.00%    passed     95.60%
 174  KR534228              0.00%    passed     98.65%
 175  KR534229              0.00%    passed     97.07%
 176  KR534230              0.00%    passed     99.82%
 177  KR534231              0.00%    passed     98.65%
 178  KR534233              0.00%    passed     96.05%
 179  KR534238              0.00%    passed     97.72%
 180  KR534244              0.00%    passed     95.95%
 181  KR534247              0.00%    passed     95.95%
 182  KR534249              0.00%    passed     95.95%
 183  KR534250              0.00%    passed     92.24%
 184  KR534251              0.00%    passed     98.66%
 185  KR534252              0.00%    passed     99.02%
 186  KR534253              0.00%    passed     96.92%
 187  KR906734              0.00%    passed     98.21%
 188  KR906735              0.00%    passed     97.73%
 189  KR906736              0.00%    passed     98.05%
 190  KR906739              0.00%    passed     98.93%
 191  KR906741              0.00%    passed     99.23%
 192  KR906742              0.00%    passed     97.22%
 193  KR906743              0.00%    passed     98.65%
 194  KR906744              0.00%    passed     98.88%
 195  KR906745              0.00%    passed     98.15%
 196  KR906746              0.00%    passed     95.38%
 197  KR906747              0.00%    passed     95.95%
 198  KR906748              0.00%    passed     90.59%
 199  KR906749              0.00%    passed     98.59%
 200  KR906750              0.00%    passed     97.22%
 201  KR906751              0.00%    passed     93.49%
 202  KR906752              0.00%    passed     90.59%
 203  KR906754              0.00%    passed     97.22%
 204  KR906755              0.00%    passed     95.95%
 205  KR906756              0.00%    passed     95.62%
 206  KR906757              0.00%    passed     93.49%
 207  KR906759              0.00%    passed     97.96%
 208  KR906760              0.00%    passed     96.05%
 209  KR906762              0.00%    passed     97.64%
 210  KR906763              0.00%    passed     97.11%
 211  KR906765              0.00%    passed     97.20%
 212  KR906766              0.00%    passed     96.95%
 213  KR906767              0.00%    passed     98.15%
 214  KR906768              0.00%    passed     97.22%
 215  KR906770              0.00%    passed     99.73%
 216  KR906771              0.00%    passed     95.95%
 217  KR906772              0.00%    passed     96.05%
 218  KR906773              0.00%    passed     95.60%
 219  KR906774              0.00%    passed     98.66%
 220  KR906776              0.00%    passed     99.73%
 221  KR906780              0.00%    passed     95.60%
 222  KR906782              0.00%    passed     95.95%
 223  KR906784              0.00%    passed     99.80%
 224  KR906789              0.00%    passed     99.73%
 225  KR906790              0.00%    passed     99.66%
 226  KR906792              0.00%    passed     86.92%
 227  KT336432              0.00%    passed     95.60%
 228  KT336433              0.00%    passed     96.92%
 229  KT336434              0.00%    passed     77.94%
 230  KT336435              0.00%    passed     91.34%
 231  KT336436              0.00%    passed     96.45%
 232  KT336437              0.00%    passed     94.71%
 233  KX148203              0.00%    passed     93.96%
 234  KX148204              0.00%    passed     97.44%
 235  KX148205              0.00%    passed     99.07%
 236  KX148206              0.00%    passed     99.04%
 237  KX148208              0.00%    passed     99.90%
 238  KY210222              0.00%    passed     95.60%
 239  KY210223              0.00%    passed     98.66%
 240  KY210224              0.00%    passed     89.78%
 241  KY210226              0.00%    passed     92.24%
 242  KY210227              0.00%    passed     99.73%
 243  KY210229              0.00%    passed     95.95%
 244  KY210231              0.00%    passed     95.95%
 245  KY210232              0.00%    passed     95.95%
 246  KY210234              0.00%    passed     95.95%
 247  KY210235              0.00%    passed     95.95%
 248  KY210238              0.00%    passed     95.95%
 249  KY210239              0.00%    passed     95.95%
 250  KY210243              0.00%    passed     96.09%
 251  KY210244              0.00%    passed     89.78%
 252  KY210245              0.00%    passed     99.66%
 253  KY210247              0.00%    passed     96.09%
 254  KY210248              0.00%    passed     89.78%
 255  KY210249              0.00%    passed     94.29%
 256  KY210250              0.00%    passed     95.95%
 257  KY210251              0.00%    passed     95.95%
 258  KY210252              0.00%    passed     99.66%
 259  KY210253              0.00%    passed     97.99%
 260  KY210254              0.00%    passed     97.99%
 261  KY210255              0.00%    passed     97.99%
 262  KY210256              0.00%    passed     97.99%
 263  KY210257              0.00%    passed     99.73%
 264  KY210258              0.00%    passed     95.95%
 265  KY210260              0.00%    passed     95.95%
 266  KY210263              0.00%    passed     99.79%
 267  KY210264              0.00%    passed     99.53%
 268  KY210265              0.00%    passed     89.78%
 269  KY210266              0.00%    passed     97.99%
 270  KY210267              0.00%    passed     95.62%
 271  KY210269              0.00%    passed     99.73%
 272  KY210270              0.00%    passed     99.73%
 273  KY210271              0.00%    passed     95.95%
 274  KY210272              0.00%    passed     95.95%
 275  KY210273              0.00%    passed     89.78%
 276  KY210278              0.00%    passed     95.60%
 277  KY210279              0.00%    passed     99.80%
 278  KY210280              0.00%    passed     98.66%
 279  KY210281              0.00%    passed     98.66%
 280  KY210282              0.00%    passed     98.66%
 281  KY210286              0.00%    passed     95.60%
 282  KY210287              0.00%    passed     95.02%
 283  KY210288              0.00%    passed     95.02%
 284  KY210289              0.00%    passed     95.95%
 285  KY210290              0.00%    passed     95.95%
 286  KY210292              0.00%    passed     95.95%
 287  KY210293              0.00%    passed     95.95%
 288  KY210294              0.00%    passed     99.73%
 289  KY210295              0.00%    passed     95.02%
 290  KY210296              0.00%    passed     95.02%
 291  KY210299              0.00%    passed     95.95%
 292  KY210300              0.00%    passed     95.95%
 293  KY210303              0.00%    passed     89.78%
 294  KY210304              0.00%    passed     99.86%
 295  KY210307              0.00%    passed     95.95%
 296  KY210311              0.00%    passed     99.79%
 297  KY563717              0.00%    passed     76.84%
 298  LC029890              0.00%    passed     99.76%
 299  MN726804              0.00%    passed     97.64%
 300  MN726826              0.00%    passed     97.87%
 301  MN726827              0.00%    passed     97.34%
 302  MT454631              0.00%    passed     93.91%
 303  MT454634              0.00%    passed     95.60%
 304  MT454635              0.00%    passed     97.24%
 305  MT454636              0.00%    passed     95.60%
 306  MT454637              0.00%    passed     91.83%
 307  MT454639              0.00%    passed     95.60%
 308  MT454641              0.00%    passed     96.92%
 309  MT454643              0.00%    passed     99.08%
 310  MT454644              0.00%    passed     93.89%
 311  MT454645              0.00%    passed     99.34%
 312  AF351828              0.00%    passed     88.40%
 313  AF351831              0.00%    passed     87.15%
 314  AF351832              0.00%    passed     82.65%
 315  AF351833              0.00%    passed     87.84%
 316  AF351855              0.00%    passed     76.41%
 317  AF351861              0.00%    passed     97.46%
 318  AF351862              0.00%    passed     88.04%
 319  AY039227              0.00%    passed     82.35%
 320  AY039228              0.00%    passed     87.52%
 321  AY039229              0.00%    passed     84.33%
 322  GU644652              0.00%    passed     93.47%
 323  GU644654              0.00%    passed     82.99%
 324  GU644655              0.00%    passed     87.52%
 325  GU644656              0.00%    passed     83.89%
 326  GU644657              0.00%    passed     87.16%
 327  GU644658              0.00%    passed     78.47%
 328  GU644659              0.00%    passed     82.40%
 329  GU644660              0.00%    passed     94.32%
 330  GU644661              0.00%    passed     87.08%
 331  GU644662              0.00%    passed     90.89%
 332  GU644663              0.00%    passed     92.09%
 333  GU644664              0.00%    passed     94.04%
 334  GU644665              0.00%    passed     85.56%
 335  GU644666              0.00%    passed     91.72%
 336  GU644667              0.00%    passed     85.27%
 337  GU644668              0.00%    passed     88.41%
 338  GU644669              0.00%    passed     90.23%
 339  GU644670              0.00%    passed     92.98%
 340  GU644671              0.00%    passed     84.34%
 341  GU644676              0.00%    passed     88.11%
 342  GU644677              0.00%    passed     86.47%
 343  GU644684              0.00%    passed     86.65%
 344  GU644689              0.00%    passed     86.65%
 345  GU644690              0.00%    passed     86.71%
 346  GU644695              0.00%    passed     86.71%
 347  JQ685925              0.00%    passed     86.65%
 348  AF351845              0.00%    passed     98.89%
 349  AF351846              0.00%    passed     93.06%
 350  AF351858              0.00%    passed     90.59%
 351  AF394883              0.00%    passed     97.94%
 352  AF394884              0.00%    passed     98.37%
 353  GU644712              0.00%    passed     94.00%
 354  GU644713              0.00%    passed     93.43%
 355  GU644714              0.00%    passed     94.73%
 356  GU644715              0.00%    passed     96.02%
 357  GU644716              0.00%    passed     94.00%
 358  GU644717              0.00%    passed     96.08%
 359  GU644718              0.00%    passed     96.02%
 360  GU644719              0.00%    passed     95.16%
 361  GU644720              0.00%    passed     96.58%
 362  GU644721              0.00%    passed     96.78%
 363  JQ685947              0.00%    passed     96.08%
 364  AY854505              0.00%    passed     89.63%
 365  AY854525              0.00%    passed     91.66%
 366  AY854531              0.00%    passed     99.06%
 367  AY854544              0.00%    passed     99.63%
 368  AY854546              0.00%    passed     99.72%
 369  AY854558              0.00%    passed     95.62%
 370  AY854567              0.00%    passed     98.57%
 371  AY854573              0.00%    passed     99.96%
 372  AY854576              0.00%    passed     96.18%
 373  EU345002              0.00%    passed     98.86%
 374  EU345003              0.00%    passed     99.47%
 375  EU345004              0.00%    passed     97.57%
 376  JQ685938              0.00%    passed     99.52%
 377  JQ685968              0.00%    passed     96.11%
 378  MW055084              0.00%    passed     99.05%
 379  MW055085              0.00%    passed     98.48%
 380  MW055086              0.00%    passed     97.07%
 381  MW055087              0.00%    passed     98.26%
 382  AF351849              0.00%    passed     67.37%
 383  AF394876              0.00%    passed     80.38%
 384  GU644760              0.00%    passed     64.13%
 385  GU644761              0.00%    passed     74.33%
 386  GU644762              0.00%    passed     69.23%
 387  GU644763              0.00%    passed     71.03%
 388  GU644764              0.00%    passed     64.13%
 389  GU644765              0.00%    passed     58.30%
 390  GU644766              0.00%    passed     61.69%
 391  GU644767              0.00%    passed     63.55%
 392  GU644768              0.00%    passed     62.81%
 393  GU644769              0.00%    passed     52.67%
 394  GU644770              0.00%    passed     71.70%
 395  GU644771              0.00%    passed     77.97%
 396  GU644772              0.00%    passed     64.38%
 397  GU644773              0.00%    passed     63.55%
 398  GU644774              0.00%    passed     62.81%
 399  GU644775              0.00%    passed     59.71%
 400  GU644776              0.00%    passed     57.89%
 401  GU644777              0.00%    passed     67.43%
 402  GU644778              0.00%    passed     67.43%
 403  GU644779              0.00%    passed     62.81%
 404  GU644780              0.00%    passed     74.33%
 405  GU644781              0.00%    passed     69.81%
 406  GU644782              0.00%    passed     77.97%
 407  GU644783              0.00%    passed     77.97%
 408  GU644784              0.00%    passed     69.23%
 409  GU644785              0.00%    passed     60.03%
 410  GU644786              0.00%    passed     74.18%
 411  GU644787              0.00%    passed     66.77%
 412  GU644788              0.00%    passed     71.03%
 413  JQ685905              0.00%    passed     71.50%
 414  AY352488              0.00%    passed     58.22%
 415  AY352501              0.00%    passed     67.43%
 416  KX954123              0.00%    passed     64.74%
 417  LT598537              0.00%    passed     68.91%
 418  LT598538              0.00%    passed     74.08%
 419  LT598539              0.00%    passed     66.41%
 420  LT598540              0.00%    passed     67.06%
 421  LT598541              0.00%    passed     74.78%
 422  LT598542              0.00%    passed     67.06%
 423  LT598543              0.00%    passed     76.65%
 424  LT909550              0.00%    passed     59.19%
 425  MN384717              0.00%    passed     68.91%
 426  AY352487              0.00%    passed     58.22%
 427  EF611828              0.22%    passed     56.95%
 428  EF611830              0.22%    passed     49.91%
 429  EF611851              0.22%    passed     66.42%
 430  L20675                0.00%    passed     73.72%
 431  gannoruwa_outgroup    0.00%    passed     87.79%
****  TOTAL                 0.00%  0 sequences failed composition chi2 test (p-value<5%; df=3)


Create initial parsimony tree by phylogenetic likelihood library (PLL)... 0.033 seconds
NOTE: ModelFinder requires 91 MB RAM!
ModelFinder will test 286 DNA models (sample size: 1353) ...
 No. Model         -LnL         df  AIC          AICc         BIC
  1  JC            21331.185    859 44380.369    47377.286    48855.828
  2  JC+I          20038.892    860 41797.784    44807.784    46278.452
  3  JC+G4         19821.000    860 41361.999    44371.999    45842.668
  4  JC+I+G4       19823.865    861 41369.730    44392.875    45855.609
  5  JC+R2         19917.318    861 41556.637    44579.781    46042.515
  6  JC+R3         19838.258    863 41402.517    44452.137    45898.816
  7  JC+R4         19810.038    865 41350.076    44426.421    45856.795
  8  JC+R5         19807.814    867 41349.628    44452.952    45866.767
 14  F81+F         21350.267    862 44424.533    47460.884    48915.622
 15  F81+F+I       20056.016    863 41838.033    44887.652    46334.331
 16  F81+F+G4      19844.626    863 41415.252    44464.871    45911.550
 17  F81+F+I+G4    19846.536    864 41421.071    44484.022    45922.580
 18  F81+F+R2      19907.503    864 41543.006    44605.957    46044.515
 19  F81+F+R3      19837.688    866 41407.377    44497.179    45919.306
 20  F81+F+R4      19830.205    868 41396.409    44513.318    45918.758
 21  F81+F+R5      19830.104    870 41400.208    44544.482    45932.977
 27  K2P           19932.220    860 41584.441    44594.441    46065.109
 28  K2P+I         18594.067    861 38910.135    41933.280    43396.013
 29  K2P+G4        18348.830    861 38419.659    41442.804    42905.538
 30  K2P+I+G4      18342.192    862 38408.384    41444.735    42899.472
 31  K2P+R2        18405.344    862 38534.688    41571.039    43025.777
 32  K2P+R3        18333.910    864 38395.820    41458.771    42897.329
 33  K2P+R4        18333.245    866 38398.490    41488.292    42910.419
 40  HKY+F         19944.938    863 41615.876    44665.496    46112.175
 41  HKY+F+I       18597.684    864 38923.368    41986.318    43424.876
 42  HKY+F+G4      18337.775    864 38403.549    41466.500    42905.058
 43  HKY+F+I+G4    18329.470    865 38388.940    41465.285    42895.658
 44  HKY+F+R2      18384.360    865 38498.720    41575.065    43005.439
 45  HKY+F+R3      18322.088    867 38378.175    41481.499    42895.314
 46  HKY+F+R4      18322.026    869 38382.052    41512.611    42909.611
 53  TNe           19901.788    861 41525.575    44548.720    46011.454
 54  TNe+I         18567.126    862 38858.251    41894.602    43349.340
 55  TNe+G4        18343.874    862 38411.749    41448.100    42902.837
 56  TNe+I+G4      18331.949    863 38389.897    41439.517    42886.196
 57  TNe+R2        18379.656    863 38485.312    41534.932    42981.611
 58  TNe+R3        18325.333    865 38380.665    41457.010    42887.384
 59  TNe+R4        18325.281    867 38384.562    41487.886    42901.701
 66  TN+F          19883.929    864 41495.859    44558.810    45997.368
 67  TN+F+I        18545.034    865 38820.069    41896.414    43326.788
 68  TN+F+G4       18320.277    865 38370.555    41446.900    42877.274
 69  TN+F+I+G4     18304.289    866 38340.577    41430.380    42852.506
 70  TN+F+R2       18354.478    866 38440.956    41530.759    42952.885
 71  TN+F+R3       18299.596    868 38335.192    41452.101    42857.542
 72  TN+F+R4       18299.529    870 38339.058    41483.332    42871.827
 79  K3P           19912.260    861 41546.520    44569.665    46032.399
 80  K3P+I         18571.577    862 38867.153    41903.504    43358.242
 81  K3P+G4        18325.641    862 38375.282    41411.633    42866.371
 82  K3P+I+G4      18319.087    863 38364.175    41413.794    42860.473
 83  K3P+R2        18354.094    863 38434.189    41483.808    42930.487
 84  K3P+R3        18310.101    865 38350.203    41426.548    42856.922
 85  K3P+R4        18310.052    867 38354.104    41457.427    42871.243
 92  K3Pu+F        19922.967    864 41573.934    44636.884    46075.442
 93  K3Pu+F+I      18573.262    865 38876.523    41952.868    43383.242
 94  K3Pu+F+G4     18312.338    865 38354.676    41431.021    42861.395
 95  K3Pu+F+I+G4   18303.873    866 38339.747    41429.549    42851.676
 96  K3Pu+F+R2     18342.699    866 38417.398    41507.201    42929.327
 97  K3Pu+F+R3     18296.291    868 38328.582    41445.491    42850.931
 98  K3Pu+F+R4     18296.248    870 38332.495    41476.769    42865.265
105  TPM2+F        19925.716    864 41579.433    44642.383    46080.941
106  TPM2+F+I      18583.817    865 38897.635    41973.980    43404.354
107  TPM2+F+G4     18325.312    865 38380.625    41456.970    42887.344
108  TPM2+F+I+G4   18317.497    866 38366.994    41456.797    42878.923
109  TPM2+F+R2     18354.690    866 38441.379    41531.181    42953.308
110  TPM2+F+R3     18308.920    868 38353.840    41470.749    42876.189
111  TPM2+F+R4     18308.893    870 38357.786    41502.060    42890.555
118  TPM2u+F       19925.774    864 41579.549    44642.500    46081.058
119  TPM2u+F+I     18583.875    865 38897.750    41974.095    43404.469
120  TPM2u+F+G4    18325.374    865 38380.749    41457.094    42887.468
121  TPM2u+F+I+G4  18317.556    866 38367.112    41456.915    42879.041
122  TPM2u+F+R2    18354.659    866 38441.318    41531.121    42953.247
123  TPM2u+F+R3    18308.879    868 38353.757    41470.666    42876.106
124  TPM2u+F+R4    18308.859    870 38357.718    41501.992    42890.488
131  TPM3+F        19945.256    864 41618.511    44681.462    46120.020
132  TPM3+F+I      18597.873    865 38925.746    42002.091    43432.465
133  TPM3+F+G4     18338.166    865 38406.332    41482.677    42913.051
134  TPM3+F+I+G4   18329.786    866 38391.573    41481.375    42903.502
135  TPM3+F+R2     18366.790    866 38465.579    41555.382    42977.508
136  TPM3+F+R3     18321.162    868 38378.323    41495.232    42900.672
137  TPM3+F+R4     18321.147    870 38382.293    41526.567    42915.062
144  TPM3u+F       19945.299    864 41618.599    44681.550    46120.108
145  TPM3u+F+I     18597.914    865 38925.828    42002.173    43432.547
146  TPM3u+F+G4    18338.210    865 38406.421    41482.766    42913.139
147  TPM3u+F+I+G4  18329.834    866 38391.669    41481.471    42903.598
148  TPM3u+F+R2    18366.761    866 38465.523    41555.325    42977.452
149  TPM3u+F+R3    18321.135    868 38378.270    41495.179    42900.619
150  TPM3u+F+R4    18321.124    870 38382.248    41526.522    42915.017
157  TIMe          19882.108    862 41488.215    44524.566    45979.304
158  TIMe+I        18544.954    863 38815.908    41865.528    43312.207
159  TIMe+G4       18321.004    863 38368.008    41417.628    42864.307
160  TIMe+I+G4     18309.306    864 38346.612    41409.563    42848.121
161  TIMe+R2       18347.675    864 38423.350    41486.301    42924.859
162  TIMe+R3       18302.176    866 38336.351    41426.154    42848.280
163  TIMe+R4       18301.563    868 38339.127    41456.036    42861.476
170  TIM+F         19861.367    865 41452.733    44529.078    45959.452
171  TIM+F+I       18520.141    866 38772.283    41862.085    43284.212
172  TIM+F+G4      18294.107    866 38320.214    41410.016    42832.142
173  TIM+F+I+G4    18278.314    867 38290.627    41393.951    42807.766
174  TIM+F+R2      18324.364    867 38382.727    41486.051    42899.866
175  TIM+F+R3      18273.912    869 38285.823    41416.382    42813.382
176  TIM+F+R4      18273.817    871 38289.635    41447.689    42827.614
183  TIM2e         19872.852    862 41469.704    44506.055    45960.793
184  TIM2e+I       18544.622    863 38815.244    41864.863    43311.543
185  TIM2e+G4      18320.139    863 38366.277    41415.897    42862.576
186  TIM2e+I+G4    18308.515    864 38345.029    41407.980    42846.538
187  TIM2e+R2      18345.948    864 38419.896    41482.846    42921.404
188  TIM2e+R3      18300.617    866 38333.234    41423.036    42845.162
189  TIM2e+R4      18300.588    868 38337.177    41454.086    42859.526
196  TIM2+F        19863.931    865 41457.862    44534.207    45964.581
197  TIM2+F+I      18530.083    866 38792.166    41881.969    43304.095
198  TIM2+F+G4     18306.628    866 38345.257    41435.059    42857.186
199  TIM2+F+I+G4   18291.043    867 38316.086    41419.410    42833.225
200  TIM2+F+R2     18335.505    867 38405.010    41508.334    42922.149
201  TIM2+F+R3     18285.773    869 38309.546    41440.105    42837.105
202  TIM2+F+R4     18285.735    871 38313.469    41471.523    42851.448
209  TIM3e         19900.044    862 41524.087    44560.438    46015.176
210  TIM3e+I       18565.046    863 38856.092    41905.712    43352.391
211  TIM3e+G4      18342.399    863 38410.798    41460.418    42907.097
212  TIM3e+I+G4    18330.413    864 38388.827    41451.778    42890.336
213  TIM3e+R2      18367.221    864 38462.442    41525.393    42963.951
214  TIM3e+R3      18322.480    866 38376.961    41466.763    42888.889
215  TIM3e+R4      18322.475    868 38380.951    41497.860    42903.300
222  TIM3+F        19883.549    865 41497.098    44573.443    46003.817
223  TIM3+F+I      18544.509    866 38821.018    41910.820    43332.947
224  TIM3+F+G4     18319.911    866 38371.822    41461.624    42883.751
225  TIM3+F+I+G4   18303.909    867 38341.819    41445.143    42858.958
226  TIM3+F+R2     18348.232    867 38430.463    41533.787    42947.602
227  TIM3+F+R3     18298.562    869 38335.124    41465.683    42862.683
228  TIM3+F+R4     18298.538    871 38339.077    41497.131    42877.056
235  TVMe          19869.507    863 41465.014    44514.633    45961.312
236  TVMe+I        18536.192    864 38800.384    41863.335    43301.893
237  TVMe+G4       18290.722    864 38309.444    41372.395    42810.953
238  TVMe+I+G4     18284.757    865 38299.515    41375.860    42806.234
239  TVMe+R2       18317.515    865 38365.030    41441.375    42871.749
240  TVMe+R3       18274.765    867 38283.529    41386.853    42800.668
241  TVMe+R4       18274.742    869 38287.484    41418.043    42815.043
248  TVM+F         19891.799    866 41515.599    44605.401    46027.528
249  TVM+F+I       18547.906    867 38829.812    41933.136    43346.951
250  TVM+F+G4      18290.694    867 38315.388    41418.712    42832.527
251  TVM+F+I+G4    18283.278    868 38302.556    41419.465    42824.905
252  TVM+F+R2      18320.498    868 38376.997    41493.906    42899.346
253  TVM+F+R3      18274.663    870 38289.327    41433.601    42822.096
254  TVM+F+R4      18274.646    872 38293.291    41465.191    42836.481
261  SYM           19838.730    864 41405.459    44468.410    45906.968
262  SYM+I         18508.495    865 38746.989    41823.334    43253.708
263  SYM+G4        18285.517    865 38301.034    41377.379    42807.753
264  SYM+I+G4      18274.279    866 38280.558    41370.361    42792.487
265  SYM+R2        18311.593    866 38355.186    41444.988    42867.115
266  SYM+R3        18266.485    868 38268.969    41385.879    42791.319
267  SYM+R4        18266.492    870 38272.984    41417.257    42805.753
274  GTR+F         19830.187    867 41394.375    44497.699    45911.514
275  GTR+F+I       18494.418    868 38724.836    41841.745    43247.185
276  GTR+F+G4      18272.097    868 38280.194    41397.103    42802.543
277  GTR+F+I+G4    18257.020    869 38252.039    41382.598    42779.598
278  GTR+F+R2      18301.978    869 38341.955    41472.514    42869.514
279  GTR+F+R3      18252.138    871 38246.276    41404.330    42784.255
280  GTR+F+R4      18252.115    873 38250.230    41436.042    42798.630
Akaike Information Criterion:           GTR+F+R3
Corrected Akaike Information Criterion: SYM+I+G4
Bayesian Information Criterion:         GTR+F+I+G4
Best-fit model: GTR+F+I+G4 chosen according to BIC

All model information printed to all_seqs.fasta.model.gz
CPU time for ModelFinder: 155.900 seconds (0h:2m:35s)
Wall-clock time for ModelFinder: 156.181 seconds (0h:2m:36s)

NOTE: 36 MB RAM (0 GB) is required!
Estimate model parameters (epsilon = 0.100)
Thoroughly optimizing +I+G parameters from 10 start values...
Init pinv, alpha: 0.000, 1.000 / Estimate: 0.000, 0.289 / LogL: -18272.099
Init pinv, alpha: 0.057, 1.000 / Estimate: 0.070, 0.332 / LogL: -18271.507
Init pinv, alpha: 0.114, 1.000 / Estimate: 0.140, 0.391 / LogL: -18270.841
Init pinv, alpha: 0.171, 1.000 / Estimate: 0.214, 0.476 / LogL: -18269.550
Init pinv, alpha: 0.228, 1.000 / Estimate: 0.435, 1.246 / LogL: -18256.722
Init pinv, alpha: 0.285, 1.000 / Estimate: 0.434, 1.236 / LogL: -18256.827
Init pinv, alpha: 0.341, 1.000 / Estimate: 0.435, 1.239 / LogL: -18256.909
Init pinv, alpha: 0.398, 1.000 / Estimate: 0.434, 1.234 / LogL: -18257.028
Init pinv, alpha: 0.455, 1.000 / Estimate: 0.441, 1.299 / LogL: -18256.999
Init pinv, alpha: 0.512, 1.000 / Estimate: 0.449, 1.376 / LogL: -18257.225
Optimal pinv,alpha: 0.435, 1.246 / LogL: -18256.722

Parameters optimization took 35.938 sec
Computing ML distances based on estimated model parameters... 1.145 sec
Computing BIONJ tree...
0.096 seconds
Log-likelihood of BIONJ tree: -18495.377
--------------------------------------------------------------------
|             INITIALIZING CANDIDATE TREE SET                      |
--------------------------------------------------------------------
Generating 98 parsimony trees... 3.883 second
Computing log-likelihood of 98 initial trees ... 10.028 seconds
Current best score: -18237.295

Do NNI search on 20 best initial trees
Estimate model parameters (epsilon = 0.100)
BETTER TREE FOUND at iteration 1: -18228.374
Estimate model parameters (epsilon = 0.100)
BETTER TREE FOUND at iteration 5: -18227.770
Iteration 10 / LogL: -18230.245 / Time: 0h:1m:2s
Iteration 20 / LogL: -18235.540 / Time: 0h:1m:12s
Finish initializing candidate tree set (20)
Current best tree score: -18227.770 / CPU time: 34.661
Number of iterations: 20
--------------------------------------------------------------------
|               OPTIMIZING CANDIDATE TREE SET                      |
--------------------------------------------------------------------
Iteration 30 / LogL: -18233.706 / Time: 0h:1m:28s (0h:3m:49s left)
BETTER TREE FOUND at iteration 31: -18227.766
Estimate model parameters (epsilon = 0.100)
BETTER TREE FOUND at iteration 36: -18227.311
Iteration 40 / LogL: -18229.607 / Time: 0h:1m:46s (0h:4m:22s left)
Iteration 50 / LogL: -18227.769 / Time: 0h:2m:2s (0h:3m:35s left)
BETTER TREE FOUND at iteration 57: -18227.304
Iteration 60 / LogL: -18239.931 / Time: 0h:2m:20s (0h:3m:51s left)
Iteration 70 / LogL: -18301.472 / Time: 0h:2m:38s (0h:3m:19s left)
Iteration 80 / LogL: -18244.867 / Time: 0h:2m:55s (0h:2m:50s left)
Iteration 90 / LogL: -18259.327 / Time: 0h:3m:12s (0h:2m:25s left)
Iteration 100 / LogL: -18335.851 / Time: 0h:3m:29s (0h:2m:0s left)
Iteration 110 / LogL: -18227.307 / Time: 0h:3m:45s (0h:1m:37s left)
Iteration 120 / LogL: -18301.469 / Time: 0h:4m:3s (0h:1m:15s left)
BETTER TREE FOUND at iteration 129: -18227.303
Iteration 130 / LogL: -18333.879 / Time: 0h:4m:20s (0h:3m:19s left)
Estimate model parameters (epsilon = 0.100)
BETTER TREE FOUND at iteration 131: -18226.968
Iteration 140 / LogL: -18228.342 / Time: 0h:4m:37s (0h:3m:1s left)
Iteration 150 / LogL: -18301.508 / Time: 0h:4m:53s (0h:2m:39s left)
Iteration 160 / LogL: -18307.820 / Time: 0h:5m:10s (0h:2m:18s left)
Iteration 170 / LogL: -18238.957 / Time: 0h:5m:26s (0h:1m:57s left)
Iteration 180 / LogL: -18296.954 / Time: 0h:5m:45s (0h:1m:38s left)
Estimate model parameters (epsilon = 0.100)
BETTER TREE FOUND at iteration 184: -18225.303
Iteration 190 / LogL: -18327.999 / Time: 0h:6m:3s (0h:3m:0s left)
BETTER TREE FOUND at iteration 195: -18225.299
Iteration 200 / LogL: -18230.452 / Time: 0h:6m:22s (0h:3m:2s left)
BETTER TREE FOUND at iteration 208: -18225.298
Iteration 210 / LogL: -18225.300 / Time: 0h:6m:40s (0h:3m:7s left)
Iteration 220 / LogL: -18234.784 / Time: 0h:6m:57s (0h:2m:47s left)
Iteration 230 / LogL: -18225.964 / Time: 0h:7m:13s (0h:2m:27s left)
BETTER TREE FOUND at iteration 233: -18225.298
Iteration 240 / LogL: -18241.574 / Time: 0h:7m:31s (0h:2m:55s left)
BETTER TREE FOUND at iteration 249: -18225.297
Iteration 250 / LogL: -18239.449 / Time: 0h:7m:48s (0h:3m:6s left)
Iteration 260 / LogL: -18362.939 / Time: 0h:8m:5s (0h:2m:46s left)
BETTER TREE FOUND at iteration 262: -18225.295
BETTER TREE FOUND at iteration 263: -18225.295
Iteration 270 / LogL: -18250.117 / Time: 0h:8m:23s (0h:2m:54s left)
BETTER TREE FOUND at iteration 275: -18225.292
Iteration 280 / LogL: -18284.553 / Time: 0h:8m:38s (0h:2m:56s left)
BETTER TREE FOUND at iteration 289: -18225.292
Iteration 290 / LogL: -18316.372 / Time: 0h:8m:55s (0h:3m:3s left)
Iteration 300 / LogL: -18235.986 / Time: 0h:9m:11s (0h:2m:44s left)
Iteration 310 / LogL: -18225.387 / Time: 0h:9m:28s (0h:2m:25s left)
BETTER TREE FOUND at iteration 312: -18225.288
Iteration 320 / LogL: -18230.541 / Time: 0h:9m:46s (0h:2m:49s left)
Iteration 330 / LogL: -18225.386 / Time: 0h:10m:3s (0h:2m:30s left)
Iteration 340 / LogL: -18292.691 / Time: 0h:10m:20s (0h:2m:11s left)
BETTER TREE FOUND at iteration 349: -18225.287
Iteration 350 / LogL: -18263.808 / Time: 0h:10m:36s (0h:3m:0s left)
Iteration 360 / LogL: -18225.288 / Time: 0h:10m:52s (0h:2m:41s left)
Iteration 370 / LogL: -18230.340 / Time: 0h:11m:9s (0h:2m:23s left)
Iteration 380 / LogL: -18229.331 / Time: 0h:11m:25s (0h:2m:4s left)
Iteration 390 / LogL: -18231.508 / Time: 0h:11m:41s (0h:1m:46s left)
Iteration 400 / LogL: -18228.606 / Time: 0h:11m:57s (0h:1m:28s left)
BETTER TREE FOUND at iteration 407: -18225.286
Iteration 410 / LogL: -18225.290 / Time: 0h:12m:15s (0h:2m:54s left)
Iteration 420 / LogL: -18225.288 / Time: 0h:12m:31s (0h:2m:35s left)
Iteration 430 / LogL: -18241.831 / Time: 0h:12m:47s (0h:2m:17s left)
Iteration 440 / LogL: -18229.812 / Time: 0h:13m:4s (0h:1m:59s left)
Iteration 450 / LogL: -18270.995 / Time: 0h:13m:23s (0h:1m:41s left)
Iteration 460 / LogL: -18249.068 / Time: 0h:13m:39s (0h:1m:23s left)
Iteration 470 / LogL: -18230.459 / Time: 0h:13m:56s (0h:1m:6s left)
Iteration 480 / LogL: -18230.655 / Time: 0h:14m:13s (0h:0m:48s left)
BETTER TREE FOUND at iteration 487: -18225.286
Iteration 490 / LogL: -18260.426 / Time: 0h:14m:30s (0h:2m:52s left)
Iteration 500 / LogL: -18260.633 / Time: 0h:14m:47s (0h:2m:34s left)
Iteration 510 / LogL: -18234.460 / Time: 0h:15m:4s (0h:2m:16s left)
Iteration 520 / LogL: -18226.742 / Time: 0h:15m:22s (0h:1m:59s left)
Iteration 530 / LogL: -18225.286 / Time: 0h:15m:39s (0h:1m:41s left)
Iteration 540 / LogL: -18225.452 / Time: 0h:15m:55s (0h:1m:23s left)
Iteration 550 / LogL: -18245.454 / Time: 0h:16m:12s (0h:1m:5s left)
BETTER TREE FOUND at iteration 558: -18225.286
BETTER TREE FOUND at iteration 560: -18225.285
Iteration 560 / LogL: -18225.285 / Time: 0h:16m:30s (0h:2m:57s left)
Iteration 570 / LogL: -18325.909 / Time: 0h:16m:47s (0h:2m:39s left)
BETTER TREE FOUND at iteration 575: -18225.285
Iteration 580 / LogL: -18226.403 / Time: 0h:17m:4s (0h:2m:48s left)
Iteration 590 / LogL: -18239.218 / Time: 0h:17m:21s (0h:2m:30s left)
BETTER TREE FOUND at iteration 595: -18225.284
Iteration 600 / LogL: -18298.476 / Time: 0h:17m:37s (0h:2m:47s left)
BETTER TREE FOUND at iteration 610: -18225.283
Iteration 610 / LogL: -18225.283 / Time: 0h:17m:55s (0h:2m:56s left)
Iteration 620 / LogL: -18225.287 / Time: 0h:18m:12s (0h:2m:38s left)
Iteration 630 / LogL: -18225.286 / Time: 0h:18m:29s (0h:2m:21s left)
Iteration 640 / LogL: -18243.493 / Time: 0h:18m:48s (0h:2m:3s left)
Iteration 650 / LogL: -18656.810 / Time: 0h:19m:5s (0h:1m:45s left)
Iteration 660 / LogL: -18318.425 / Time: 0h:19m:20s (0h:1m:28s left)
Iteration 670 / LogL: -18225.284 / Time: 0h:19m:37s (0h:1m:10s left)
Iteration 680 / LogL: -18247.814 / Time: 0h:19m:55s (0h:0m:52s left)
Iteration 690 / LogL: -18246.066 / Time: 0h:20m:12s (0h:0m:35s left)
BETTER TREE FOUND at iteration 699: -18225.282
Iteration 700 / LogL: -18225.283 / Time: 0h:20m:29s (0h:2m:54s left)
BETTER TREE FOUND at iteration 703: -18225.281
Iteration 710 / LogL: -18258.345 / Time: 0h:20m:47s (0h:2m:43s left)
BETTER TREE FOUND at iteration 717: -18225.279
Iteration 720 / LogL: -18225.288 / Time: 0h:21m:4s (0h:2m:50s left)
Iteration 730 / LogL: -18244.684 / Time: 0h:21m:20s (0h:2m:32s left)
BETTER TREE FOUND at iteration 732: -18225.279
Iteration 740 / LogL: -18231.293 / Time: 0h:21m:37s (0h:2m:41s left)
Iteration 750 / LogL: -18237.558 / Time: 0h:21m:55s (0h:2m:23s left)
BETTER TREE FOUND at iteration 759: -18225.278
Iteration 760 / LogL: -18226.011 / Time: 0h:22m:11s (0h:2m:53s left)
Iteration 770 / LogL: -18260.043 / Time: 0h:22m:27s (0h:2m:35s left)
Iteration 780 / LogL: -18228.581 / Time: 0h:22m:44s (0h:2m:18s left)
Iteration 790 / LogL: -18225.409 / Time: 0h:23m:1s (0h:2m:0s left)
Iteration 800 / LogL: -18266.295 / Time: 0h:23m:18s (0h:1m:43s left)
Iteration 810 / LogL: -18225.786 / Time: 0h:23m:36s (0h:1m:25s left)
Iteration 820 / LogL: -18243.360 / Time: 0h:23m:52s (0h:1m:8s left)
Iteration 830 / LogL: -18225.508 / Time: 0h:24m:9s (0h:0m:50s left)
BETTER TREE FOUND at iteration 836: -18225.276
Iteration 840 / LogL: -18225.282 / Time: 0h:24m:27s (0h:2m:47s left)
Iteration 850 / LogL: -18272.444 / Time: 0h:24m:45s (0h:2m:30s left)
Iteration 860 / LogL: -18225.280 / Time: 0h:25m:3s (0h:2m:12s left)
Iteration 870 / LogL: -18225.881 / Time: 0h:25m:20s (0h:1m:55s left)
Iteration 880 / LogL: -18243.012 / Time: 0h:25m:38s (0h:1m:37s left)
Iteration 890 / LogL: -18225.279 / Time: 0h:25m:55s (0h:1m:20s left)
Iteration 900 / LogL: -18227.286 / Time: 0h:26m:11s (0h:1m:2s left)
Iteration 910 / LogL: -18242.268 / Time: 0h:26m:29s (0h:0m:45s left)
Iteration 920 / LogL: -18236.312 / Time: 0h:26m:46s (0h:0m:27s left)
Iteration 930 / LogL: -18351.676 / Time: 0h:27m:2s (0h:0m:10s left)
TREE SEARCH COMPLETED AFTER 937 ITERATIONS / Time: 0h:27m:14s

--------------------------------------------------------------------
|                    FINALIZING TREE SEARCH                        |
--------------------------------------------------------------------
Performs final model parameters optimization
Estimate model parameters (epsilon = 0.010)
1. Initial log-likelihood: -18225.276
Optimal log-likelihood: -18225.273
Rate parameters:  A-C: 1.43445  A-G: 6.96348  A-T: 0.76055  C-G: 0.22203  C-T: 11.00764  G-T: 1.00000
Base frequencies:  A: 0.297  C: 0.207  G: 0.237  T: 0.260
Proportion of invariable sites: 0.439
Gamma shape alpha: 1.267
Parameters optimization took 1 rounds (0.257 sec)
BEST SCORE FOUND : -18225.273
Ancestral state probabilities printed to all_seqs.fasta.state
Total tree length: 2.663

Total number of iterations: 937
CPU time used for tree search: 1591.425 sec (0h:26m:31s)
Wall-clock time used for tree search: 1596.892 sec (0h:26m:36s)
Total CPU time used: 1629.815 sec (0h:27m:9s)
Total wall-clock time used: 1636.148 sec (0h:27m:16s)

Analysis results written to: 
  IQ-TREE report:                all_seqs.fasta.iqtree
  Maximum-likelihood tree:       all_seqs.fasta.treefile
  Likelihood distances:          all_seqs.fasta.mldist
  Ancestral state:               all_seqs.fasta.state
  Screen log file:               all_seqs.fasta.log

Date and Time: Fri Apr 26 10:27:57 2024
