IQ-TREE multicore version 1.6.12 for Windows 64-bit built Aug 15 2019
Developed by Bui Quang Minh, Nguyen Lam Tung, Olga Chernomor,
Heiko Schmidt, Dominik Schrempf, Michael Woodhams.

Host:    RowansLaptop (AVX, 7 GB RAM)
Command: bin\iqtree -s all_N_unique.fasta -o NC_031988_gannoruwa_outgroup -asr
Seed:    895621 (Using SPRNG - Scalable Parallel Random Number Generator)
Time:    Thu Oct 19 15:36:13 2023
Kernel:  AVX - 1 threads (4 CPU cores detected)

HINT: Use -nt option to specify number of threads because your CPU has 4 cores!
HINT: -nt AUTO will automatically determine the best number of threads to use.

Reading alignment file all_N_unique.fasta ... Fasta format detected
Alignment most likely contains DNA/RNA sequences
Alignment has 294 sequences with 1353 columns, 644 distinct patterns
537 parsimony-informative, 121 singleton sites, 695 constant sites
                              Gap/Ambiguity  Composition  p-value
   1  DQ666289                        0.00%    passed     93.35%
   2  DQ666290                        0.00%    passed     88.50%
   3  DQ866105                        0.00%    passed     95.10%
   4  DQ866106                        0.00%    passed     86.74%
   5  DQ866108                        0.00%    passed     87.93%
   6  DQ866109                        0.00%    passed     85.90%
   7  DQ866110                        0.00%    passed     96.22%
   8  DQ866112                        0.00%    passed     91.28%
   9  DQ866116                        0.00%    passed     96.88%
  10  DQ866119                        0.00%    passed     92.60%
  11  EU086182                        0.00%    passed     89.61%
  12  EU086183                        0.00%    passed     85.90%
  13  EU828653                        0.00%    passed     90.53%
  14  FJ561726                        0.00%    passed     96.24%
  15  FJ561727                        0.00%    passed     94.97%
  16  FJ561728                        0.00%    passed     94.08%
  17  FJ866829                        0.00%    passed     88.80%
  18  FJ866830                        0.00%    passed     94.86%
  19  FJ866831                        0.00%    passed     93.51%
  20  GQ472468                        0.00%    passed     89.75%
  21  GQ472470                        0.00%    passed     81.72%
  22  GQ472473                        0.00%    passed     87.11%
  23  GQ472477                        0.00%    passed     90.18%
  24  GU358653                        0.00%    passed     84.11%
  25  HM486355                        0.00%    passed     99.72%
  26  HM486356                        0.00%    passed     99.68%
  27  HM486368                        0.00%    passed     93.62%
  28  HM486369                        0.00%    passed     99.56%
  29  HM486374                        0.00%    passed     99.58%
  30  HM486379                        0.00%    passed     99.40%
  31  HM486381                        0.00%    passed     94.70%
  32  JF819605                        0.00%    passed     96.80%
  33  JF819615                        0.00%    passed     99.56%
  34  JN974823                        0.00%    passed     96.31%
  35  JN974824                        0.00%    passed     96.12%
  36  JN974828                        0.00%    passed     87.04%
  37  JN974829                        0.00%    passed     87.04%
  38  JN974838                        0.00%    passed     96.48%
  39  JN974842                        0.00%    passed     93.31%
  40  JN974845                        0.00%    passed     96.57%
  41  JN974870                        0.00%    passed     99.95%
  42  JN974871                        0.00%    passed     99.58%
  43  JN974872                        0.00%    passed     99.50%
  44  JN974873                        0.00%    passed     99.32%
  45  JQ970480                        0.00%    passed     96.31%
  46  KT221107                        0.00%    passed     97.71%
  47  KT894558                        0.00%    passed     92.27%
  48  KT894572                        0.00%    passed     95.25%
  49  KT894573                        0.00%    passed     99.09%
  50  KT894577                        0.00%    passed     84.58%
  51  KT894578                        0.00%    passed     81.20%
  52  KX148264                        0.00%    passed     84.11%
  53  KY451767                        0.00%    passed     93.64%
  54  MG201879                        0.00%    passed     87.06%
  55  MG201880                        0.00%    passed     87.11%
  56  MG201884                        0.00%    passed     87.04%
  57  MG201919                        0.00%    passed     84.99%
  58  MG201921                        0.00%    passed     84.48%
  59  FJ598135                        0.00%    passed     98.22%
  60  FJ712195                        0.00%    passed     97.83%
  61  FJ712196                        0.00%    passed     96.79%
  62  GU647092                        0.00%    passed     97.86%
  63  KF726852                        0.00%    passed     87.91%
  64  KP319185                        0.00%    passed     96.62%
  65  KP319186                        0.00%    passed     98.53%
  66  KP319187                        0.00%    passed     97.61%
  67  KP319188                        0.00%    passed     97.74%
  68  KP319190                        0.00%    passed     98.43%
  69  KP319191                        0.00%    passed     96.99%
  70  KP319193                        0.00%    passed     96.92%
  71  KP319194                        0.00%    passed     93.15%
  72  KP319195                        0.00%    passed     91.02%
  73  KP319196                        0.00%    passed     94.72%
  74  KP319199                        0.00%    passed     98.81%
  75  KP319201                        0.00%    passed     99.08%
  76  KP319203                        0.00%    passed     89.38%
  77  KP319204                        0.00%    passed     91.96%
  78  KP319205                        0.00%    passed     95.76%
  79  KP319206                        0.00%    passed     99.51%
  80  KP319207                        0.00%    passed     99.53%
  81  AB519642                        0.00%    passed     93.71%
  82  AF070449                        0.00%    passed     88.51%
  83  AF351847                        0.00%    passed     96.75%
  84  AF351852                        0.00%    passed     85.89%
  85  AY854587                        0.00%    passed     84.34%
  86  AY854592                        0.00%    passed     98.42%
  87  AY854594                        0.00%    passed     99.15%
  88  AY877433                        0.00%    passed     90.88%
  89  AY877434                        0.00%    passed     94.03%
  90  AY877435                        0.00%    passed     94.40%
  91  GU592648                        0.00%    passed     88.38%
  92  KF656696                        0.00%    passed     97.77%
  93  KF864234                        0.00%    passed     89.52%
  94  KF864322                        0.00%    passed     89.95%
  95  KF864397                        0.00%    passed     81.26%
  96  KM594040                        0.00%    passed     90.79%
  97  KM594041                        0.00%    passed     70.34%
  98  KM594042                        0.00%    passed     96.32%
  99  KP202393                        0.00%    passed     91.99%
 100  KT023101                        0.00%    passed     63.02%
 101  MN968374                        0.00%    passed     99.84%
 102  MN968375                        0.00%    passed     99.59%
 103  MN968377                        0.00%    passed     99.61%
 104  MN968386                        0.00%    passed     99.25%
 105  MT891038                        0.00%    passed     88.90%
 106  MW249020                        0.00%    passed     98.49%
 107  AB284509                        0.00%    passed     95.47%
 108  AB284511                        0.00%    passed     96.17%
 109  AB284512                        0.00%    passed     96.73%
 110  AB284513                        0.00%    passed     95.08%
 111  AB284514                        0.00%    passed     96.73%
 112  EU853582                        0.00%    passed     98.15%
 113  EU853584                        0.00%    passed     94.15%
 114  EU853586                        0.00%    passed     93.38%
 115  EU853587                        0.00%    passed     98.61%
 116  EU853590                        0.00%    passed     98.09%
 117  HM179504                        0.00%    passed     87.24%
 118  HM179505                        0.00%    passed     88.25%
 119  HM179506                        0.00%    passed     94.39%
 120  KF155002                        0.00%    passed     94.68%
 121  KR534217                        0.00%    passed     93.91%
 122  KR534218                        0.00%    passed     94.01%
 123  KR534219                        0.00%    passed     98.83%
 124  KR534228                        0.00%    passed     99.22%
 125  KR534229                        0.00%    passed     95.53%
 126  KR534230                        0.00%    passed     99.61%
 127  KR534233                        0.00%    passed     94.37%
 128  KR534238                        0.00%    passed     98.58%
 129  KR534244                        0.00%    passed     94.17%
 130  KR534250                        0.00%    passed     89.71%
 131  KR534251                        0.00%    passed     99.15%
 132  KR534252                        0.00%    passed     99.04%
 133  KR534253                        0.00%    passed     95.57%
 134  KR906735                        0.00%    passed     96.17%
 135  KR906736                        0.00%    passed     96.64%
 136  KR906739                        0.00%    passed     98.97%
 137  KR906741                        0.00%    passed     98.67%
 138  KR906742                        0.00%    passed     95.52%
 139  KR906744                        0.00%    passed     99.06%
 140  KR906745                        0.00%    passed     96.96%
 141  KR906746                        0.00%    passed     95.08%
 142  KR906747                        0.00%    passed     95.33%
 143  KR906748                        0.00%    passed     91.81%
 144  KR906749                        0.00%    passed     97.83%
 145  KR906751                        0.00%    passed     92.68%
 146  KR906756                        0.00%    passed     93.72%
 147  KR906757                        0.00%    passed     92.68%
 148  KR906759                        0.00%    passed     98.71%
 149  KR906762                        0.00%    passed     96.10%
 150  KR906763                        0.00%    passed     95.47%
 151  KR906765                        0.00%    passed     95.47%
 152  KR906766                        0.00%    passed     95.19%
 153  KR906767                        0.00%    passed     96.96%
 154  KR906770                        0.00%    passed     99.80%
 155  KR906773                        0.00%    passed     93.91%
 156  KR906780                        0.00%    passed     93.91%
 157  KR906784                        0.00%    passed     99.82%
 158  KR906790                        0.00%    passed     99.27%
 159  KR906792                        0.00%    passed     83.69%
 160  KT336432                        0.00%    passed     93.91%
 161  KT336433                        0.00%    passed     95.91%
 162  KT336434                        0.00%    passed     74.54%
 163  KT336435                        0.00%    passed     90.12%
 164  KT336436                        0.00%    passed     95.24%
 165  KT336437                        0.00%    passed     93.62%
 166  KX148203                        0.00%    passed     92.12%
 167  KX148204                        0.00%    passed     97.66%
 168  KX148206                        0.00%    passed     99.50%
 169  KX148208                        0.00%    passed     99.97%
 170  KY210224                        0.00%    passed     86.89%
 171  KY210243                        0.00%    passed     94.21%
 172  KY210247                        0.00%    passed     94.21%
 173  KY210249                        0.00%    passed     92.14%
 174  KY210253                        0.00%    passed     98.53%
 175  KY210263                        0.00%    passed     99.55%
 176  KY210264                        0.00%    passed     99.67%
 177  KY210279                        0.00%    passed     99.82%
 178  KY210287                        0.00%    passed     93.40%
 179  KY210304                        0.00%    passed     99.84%
 180  KY563717                        0.00%    passed     73.35%
 181  LC029890                        0.00%    passed     99.83%
 182  MN726804                        0.00%    passed     96.10%
 183  MN726826                        0.00%    passed     96.46%
 184  MN726827                        0.00%    passed     95.77%
 185  MT454631                        0.00%    passed     91.86%
 186  MT454635                        0.00%    passed     95.82%
 187  MT454637                        0.00%    passed     89.42%
 188  MT454641                        0.00%    passed     95.57%
 189  MT454643                        0.00%    passed     98.75%
 190  MT454644                        0.00%    passed     93.42%
 191  MT454645                        0.00%    passed     99.18%
 192  AF351828                        0.00%    passed     87.89%
 193  AF351831                        0.00%    passed     88.02%
 194  AF351832                        0.00%    passed     83.61%
 195  AF351833                        0.00%    passed     89.65%
 196  AF351855                        0.00%    passed     78.82%
 197  AF351861                        0.00%    passed     97.85%
 198  AF351862                        0.00%    passed     89.32%
 199  AY039227                        0.00%    passed     84.16%
 200  AY039228                        0.00%    passed     89.54%
 201  AY039229                        0.00%    passed     86.09%
 202  GU644652                        0.00%    passed     94.72%
 203  GU644654                        0.00%    passed     85.78%
 204  GU644655                        0.00%    passed     89.54%
 205  GU644656                        0.00%    passed     85.96%
 206  GU644657                        0.00%    passed     88.62%
 207  GU644658                        0.00%    passed     80.95%
 208  GU644659                        0.00%    passed     84.56%
 209  GU644660                        0.00%    passed     95.14%
 210  GU644661                        0.00%    passed     88.84%
 211  GU644662                        0.00%    passed     91.80%
 212  GU644663                        0.00%    passed     92.68%
 213  GU644664                        0.00%    passed     94.56%
 214  GU644665                        0.00%    passed     87.08%
 215  GU644666                        0.00%    passed     92.74%
 216  GU644667                        0.00%    passed     87.10%
 217  GU644668                        0.00%    passed     89.63%
 218  GU644669                        0.00%    passed     91.79%
 219  GU644670                        0.00%    passed     93.61%
 220  GU644671                        0.00%    passed     86.68%
 221  GU644676                        0.00%    passed     89.82%
 222  GU644677                        0.00%    passed     87.51%
 223  GU644684                        0.00%    passed     88.98%
 224  GU644689                        0.00%    passed     88.98%
 225  GU644690                        0.00%    passed     88.90%
 226  GU644695                        0.00%    passed     88.90%
 227  AF351845                        0.00%    passed     98.05%
 228  AF351846                        0.00%    passed     91.52%
 229  AF351858                        0.00%    passed     87.92%
 230  AF394883                        0.00%    passed     96.99%
 231  AF394884                        0.00%    passed     97.56%
 232  GU644712                        0.00%    passed     92.29%
 233  GU644713                        0.00%    passed     91.83%
 234  GU644714                        0.00%    passed     92.72%
 235  GU644715                        0.00%    passed     94.79%
 236  GU644716                        0.00%    passed     92.29%
 237  GU644717                        0.00%    passed     95.08%
 238  GU644718                        0.00%    passed     94.79%
 239  GU644719                        0.00%    passed     93.39%
 240  GU644720                        0.00%    passed     95.05%
 241  GU644721                        0.00%    passed     95.62%
 242  JQ685947                        0.00%    passed     95.08%
 243  AY854505                        0.00%    passed     89.36%
 244  AY854525                        0.00%    passed     91.18%
 245  AY854531                        0.00%    passed     99.00%
 246  AY854544                        0.00%    passed     99.19%
 247  AY854546                        0.00%    passed     99.29%
 248  AY854558                        0.00%    passed     93.72%
 249  AY854567                        0.00%    passed     97.37%
 250  AY854573                        0.00%    passed     99.83%
 251  AY854576                        0.00%    passed     96.31%
 252  AF483524                        0.00%    passed     98.79%
 253  EU345002                        0.00%    passed     98.95%
 254  EU345003                        0.00%    passed     99.74%
 255  EU345004                        0.00%    passed     98.20%
 256  JQ513553                        0.00%    passed     99.60%
 257  JQ685938                        0.00%    passed     99.85%
 258  JQ685968                        0.00%    passed     97.64%
 259  MW055084                        0.00%    passed     99.27%
 260  MW055085                        0.00%    passed     98.41%
 261  MW055086                        0.00%    passed     98.11%
 262  MW055087                        0.00%    passed     99.11%
 263  AF351849                        0.00%    passed     71.77%
 264  AF394876                        0.00%    passed     83.99%
 265  GU644760                        0.00%    passed     68.98%
 266  GU644761                        0.00%    passed     78.55%
 267  GU644762                        0.00%    passed     73.90%
 268  GU644763                        0.00%    passed     75.64%
 269  GU644764                        0.00%    passed     68.98%
 270  GU644765                        0.00%    passed     63.12%
 271  GU644766                        0.00%    passed     66.66%
 272  GU644767                        0.00%    passed     68.50%
 273  GU644768                        0.00%    passed     67.58%
 274  GU644769                        0.00%    passed     57.48%
 275  GU644770                        0.00%    passed     76.06%
 276  GU644771                        0.00%    passed     82.07%
 277  GU644772                        0.00%    passed     68.85%
 278  GU644773                        0.00%    passed     68.50%
 279  GU644774                        0.00%    passed     67.58%
 280  GU644775                        0.00%    passed     64.63%
 281  GU644776                        0.00%    passed     62.80%
 282  GU644777                        0.00%    passed     71.96%
 283  GU644778                        0.00%    passed     71.96%
 284  GU644779                        0.00%    passed     67.58%
 285  GU644780                        0.00%    passed     78.55%
 286  GU644781                        0.00%    passed     74.36%
 287  GU644782                        0.00%    passed     82.07%
 288  GU644784                        0.00%    passed     73.90%
 289  GU644785                        0.00%    passed     64.84%
 290  GU644786                        0.00%    passed     78.13%
 291  GU644787                        0.00%    passed     71.54%
 292  GU644788                        0.00%    passed     75.64%
 293  JQ685905                        0.00%    passed     75.98%
 294  NC_031988_gannoruwa_outgroup    0.00%    passed     87.43%
****  TOTAL                           0.00%  0 sequences failed composition chi2 test (p-value<5%; df=3)


Create initial parsimony tree by phylogenetic likelihood library (PLL)... 0.072 seconds
NOTE: ModelFinder requires 61 MB RAM!
ModelFinder will test 286 DNA models (sample size: 1353) ...
 No. Model         -LnL         df  AIC          AICc         BIC
  1  JC            20677.191    585 42524.382    43418.280    45572.279
  2  JC+I          19427.551    586 40027.101    40925.226    43080.208
  3  JC+G4         19234.878    586 39641.757    40539.882    42694.863
  4  JC+I+G4       19236.314    587 39646.628    40548.996    42704.945
  5  JC+R2         19327.304    587 39828.608    40730.977    42886.925
  6  JC+R3         19254.907    589 39687.814    40598.719    42756.551
  7  JC+R4         19222.239    591 39626.478    40545.984    42705.635
  8  JC+R5         19219.675    593 39625.350    40553.524    42714.927
 14  F81+F         20694.499    588 42564.997    43471.626    45628.524
 15  F81+F+I       19441.745    589 40061.490    40972.394    43130.227
 16  F81+F+G4      19255.492    589 39688.984    40599.889    42757.721
 17  F81+F+I+G4    19247.920    590 39675.840    40591.037    42749.787
 18  F81+F+R2      19315.361    590 39810.721    40725.918    42884.668
 19  F81+F+R3      19249.132    592 39682.264    40606.095    42766.631
 20  F81+F+R4      19238.999    594 39665.998    40598.531    42760.785
 21  F81+F+R5      19238.935    596 39669.871    40611.173    42775.078
 27  K2P           19325.972    586 39823.943    40722.068    42877.050
 28  K2P+I         18030.519    587 37235.039    38137.407    40293.355
 29  K2P+G4        17812.722    587 36799.443    37701.812    39857.760
 30  K2P+I+G4      17804.518    588 36785.036    37691.665    39848.563
 31  K2P+R2        17866.768    588 36909.536    37816.164    39973.063
 32  K2P+R3        17796.185    590 36772.369    37687.566    39846.316
 33  K2P+R4        17795.978    592 36775.955    37699.787    39860.322
 40  HKY+F         19335.661    589 39849.323    40760.227    42918.059
 41  HKY+F+I       18030.317    590 37240.634    38155.831    40314.581
 42  HKY+F+G4      17799.923    590 36779.846    37695.043    39853.793
 43  HKY+F+I+G4    17790.834    591 36763.668    37683.174    39842.825
 44  HKY+F+R2      17844.838    591 36871.676    37791.182    39950.833
 45  HKY+F+R3      17783.837    593 36753.674    37681.848    39843.251
 46  HKY+F+R4      17783.731    595 36757.463    37694.372    39857.460
 53  TNe           19298.471    587 39770.942    40673.311    42829.259
 54  TNe+I         18004.811    588 37185.622    38092.250    40249.149
 55  TNe+G4        17808.095    588 36792.190    37698.818    39855.717
 56  TNe+I+G4      17793.912    589 36765.824    37676.728    39834.561
 57  TNe+R2        17841.189    589 36860.379    37771.283    39929.116
 58  TNe+R3        17787.079    591 36756.157    37675.663    39835.314
 59  TNe+R4        17787.010    593 36760.020    37688.194    39849.598
 66  TN+F          19279.641    590 39739.281    40654.478    42813.228
 67  TN+F+I        17979.895    591 37141.790    38061.296    40220.947
 68  TN+F+G4       17784.127    591 36750.254    37669.760    39829.411
 69  TN+F+I+G4     17765.365    592 36714.730    37638.562    39799.097
 70  TN+F+R2       17814.538    592 36813.075    37736.907    39897.443
 71  TN+F+R3       17760.724    594 36709.449    37641.982    39804.236
 72  TN+F+R4       17760.619    596 36713.239    37654.540    39818.446
 79  K3P           19310.826    587 39795.653    40698.021    42853.969
 80  K3P+I         18012.794    588 37201.589    38108.217    40265.116
 81  K3P+G4        17794.114    588 36764.228    37670.856    39827.755
 82  K3P+I+G4      17785.476    589 36748.953    37659.857    39817.689
 83  K3P+R2        17819.998    589 36817.997    37728.901    39886.734
 84  K3P+R3        17776.672    591 36735.344    37654.850    39814.501
 85  K3P+R4        17776.632    593 36739.265    37667.439    39828.842
 92  K3Pu+F        19318.795    590 39817.589    40732.786    42891.536
 93  K3Pu+F+I      18010.788    591 37203.576    38123.082    40282.734
 94  K3Pu+F+G4     17779.317    591 36740.633    37660.139    39819.790
 95  K3Pu+F+I+G4   17769.456    592 36722.911    37646.743    39807.278
 96  K3Pu+F+R2     17807.452    592 36798.904    37722.736    39883.271
 97  K3Pu+F+R3     17762.288    594 36712.577    37645.110    39807.364
 98  K3Pu+F+R4     17762.262    596 36716.523    37657.825    39821.731
105  TPM2+F        19315.007    590 39810.013    40725.210    42883.960
106  TPM2+F+I      18014.738    591 37211.477    38130.982    40290.634
107  TPM2+F+G4     17786.049    591 36754.098    37673.604    39833.256
108  TPM2+F+I+G4   17777.150    592 36738.300    37662.132    39822.667
109  TPM2+F+R2     17812.596    592 36809.191    37733.023    39893.558
110  TPM2+F+R3     17769.021    594 36726.043    37658.576    39820.830
111  TPM2+F+R4     17768.993    596 36729.986    37671.288    39835.194
118  TPM2u+F       19315.029    590 39810.059    40725.255    42884.006
119  TPM2u+F+I     18014.761    591 37211.521    38131.027    40290.678
120  TPM2u+F+G4    17786.073    591 36754.145    37673.651    39833.302
121  TPM2u+F+I+G4  17777.181    592 36738.362    37662.194    39822.729
122  TPM2u+F+R2    17812.512    592 36809.024    37732.855    39893.391
123  TPM2u+F+R3    17768.779    594 36725.558    37658.091    39820.346
124  TPM2u+F+R4    17768.756    596 36729.511    37670.813    39834.719
131  TPM3+F        19335.537    590 39851.075    40766.272    42925.022
132  TPM3+F+I      18030.125    591 37242.250    38161.756    40321.407
133  TPM3+F+G4     17799.846    591 36781.692    37701.198    39860.850
134  TPM3+F+I+G4   17790.838    592 36765.675    37689.507    39850.042
135  TPM3+F+R2     17826.211    592 36836.422    37760.254    39920.789
136  TPM3+F+R3     17782.622    594 36753.244    37685.777    39848.031
137  TPM3+F+R4     17782.599    596 36757.198    37698.500    39862.406
144  TPM3u+F       19335.552    590 39851.103    40766.300    42925.050
145  TPM3u+F+I     18030.137    591 37242.273    38161.779    40321.430
146  TPM3u+F+G4    17799.859    591 36781.717    37701.223    39860.875
147  TPM3u+F+I+G4  17790.857    592 36765.714    37689.546    39850.081
148  TPM3u+F+R2    17826.141    592 36836.283    37760.115    39920.650
149  TPM3u+F+R3    17782.577    594 36753.154    37685.686    39847.941
150  TPM3u+F+R4    17782.560    596 36757.120    37698.421    39862.327
157  TIMe          19283.294    588 39742.588    40649.216    42806.115
158  TIMe+I        17987.109    589 37152.219    38063.123    40220.955
159  TIMe+G4       17789.473    589 36756.946    37667.850    39825.683
160  TIMe+I+G4     17775.007    590 36730.013    37645.210    39803.960
161  TIMe+R2       17811.628    590 36803.257    37718.454    39877.204
162  TIMe+R3       17767.678    592 36719.357    37643.188    39803.724
163  TIMe+R4       17767.662    594 36723.323    37655.856    39818.111
170  TIM+F         19262.726    591 39707.453    40626.958    42786.610
171  TIM+F+I       17960.472    592 37104.945    38028.776    40189.312
172  TIM+F+G4      17763.388    592 36710.777    37634.608    39795.144
173  TIM+F+I+G4    17744.130    593 36674.260    37602.434    39763.837
174  TIM+F+R2      17788.189    593 36762.379    37690.553    39851.956
175  TIM+F+R3      17739.353    595 36668.705    37605.614    39768.703
176  TIM+F+R4      17739.324    597 36672.648    37618.359    39783.066
183  TIM2e         19268.095    588 39712.191    40618.819    42775.718
184  TIM2e+I       17980.483    589 37138.966    38049.870    40207.703
185  TIM2e+G4      17782.469    589 36742.938    37653.843    39811.675
186  TIM2e+I+G4    17768.315    590 36716.631    37631.828    39790.578
187  TIM2e+R2      17803.206    590 36786.412    37701.609    39860.359
188  TIM2e+R3      17760.392    592 36704.785    37628.616    39789.152
189  TIM2e+R4      17760.374    594 36708.749    37641.282    39803.536
196  TIM2+F        19258.823    591 39699.646    40619.152    42778.803
197  TIM2+F+I      17963.817    592 37111.634    38035.466    40196.001
198  TIM2+F+G4     17769.630    592 36723.260    37647.092    39807.627
199  TIM2+F+I+G4   17750.906    593 36687.811    37615.985    39777.389
200  TIM2+F+R2     17792.475    593 36770.950    37699.124    39860.527
201  TIM2+F+R3     17745.348    595 36680.695    37617.604    39780.692
202  TIM2+F+R4     17745.323    597 36684.645    37630.357    39795.063
209  TIM3e         19296.548    588 39769.096    40675.725    42832.623
210  TIM3e+I       18002.819    589 37183.639    38094.543    40252.376
211  TIM3e+G4      17806.215    589 36790.430    37701.335    39859.167
212  TIM3e+I+G4    17792.150    590 36764.299    37679.496    39838.246
213  TIM3e+R2      17826.532    590 36833.064    37748.261    39907.011
214  TIM3e+R3      17784.079    592 36752.158    37675.989    39836.525
215  TIM3e+R4      17784.071    594 36756.141    37688.674    39850.929
222  TIM3+F        19279.633    591 39741.266    40660.772    42820.423
223  TIM3+F+I      17979.798    592 37143.596    38067.428    40227.963
224  TIM3+F+G4     17784.197    592 36752.393    37676.225    39836.761
225  TIM3+F+I+G4   17765.426    593 36716.852    37645.026    39806.430
226  TIM3+F+R2     17806.934    593 36799.869    37728.043    39889.446
227  TIM3+F+R3     17759.711    595 36709.422    37646.331    39809.420
228  TIM3+F+R4     17759.685    597 36713.370    37659.081    39823.788
235  TVMe          19266.176    589 39710.352    40621.257    42779.089
236  TVMe+I        17975.567    590 37131.134    38046.331    40205.081
237  TVMe+G4       17756.761    590 36693.523    37608.719    39767.470
238  TVMe+I+G4     17748.449    591 36678.897    37598.403    39758.054
239  TVMe+R2       17779.758    591 36741.516    37661.022    39820.673
240  TVMe+R3       17739.027    593 36664.054    37592.228    39753.631
241  TVMe+R4       17739.019    595 36668.037    37604.946    39768.035
248  TVM+F         19286.533    592 39757.065    40680.897    42841.432
249  TVM+F+I       17984.247    593 37154.495    38082.669    40244.072
250  TVM+F+G4      17756.352    593 36698.704    37626.878    39788.282
251  TVM+F+I+G4    17747.117    594 36682.234    37614.767    39777.021
252  TVM+F+R2      17783.335    594 36754.670    37687.203    39849.457
253  TVM+F+R3      17739.218    596 36670.437    37611.739    39775.644
254  TVM+F+R4      17739.206    598 36674.413    37624.551    39790.040
261  SYM           19238.554    590 39657.107    40572.304    42731.054
262  SYM+I         17949.304    591 37080.609    38000.115    40159.766
263  SYM+G4        17751.891    591 36685.783    37605.289    39764.940
264  SYM+I+G4      17737.760    592 36659.521    37583.352    39743.888
265  SYM+R2        17773.145    592 36730.291    37654.122    39814.658
266  SYM+R3        17730.028    594 36648.056    37580.589    39742.844
267  SYM+R4        17730.022    596 36652.044    37593.345    39757.251
274  GTR+F         19230.402    593 39646.803    40574.977    42736.380
275  GTR+F+I       17933.462    594 37054.923    37987.456    40149.711
276  GTR+F+G4      17739.833    594 36667.666    37600.199    39762.453
277  GTR+F+I+G4    17720.939    595 36631.878    37568.787    39731.876
278  GTR+F+R2      17763.754    595 36717.509    37654.417    39817.506
279  GTR+F+R3      17715.867    597 36625.734    37571.445    39736.152
280  GTR+F+R4      17715.847    599 36629.694    37584.276    39750.532
Akaike Information Criterion:           GTR+F+R3
Corrected Akaike Information Criterion: GTR+F+I+G4
Bayesian Information Criterion:         GTR+F+I+G4
Best-fit model: GTR+F+I+G4 chosen according to BIC

All model information printed to all_N_unique.fasta.model.gz
CPU time for ModelFinder: 201.281 seconds (0h:3m:21s)
Wall-clock time for ModelFinder: 205.337 seconds (0h:3m:25s)

NOTE: 24 MB RAM (0 GB) is required!
Estimate model parameters (epsilon = 0.100)
Thoroughly optimizing +I+G parameters from 10 start values...
Init pinv, alpha: 0.000, 1.000 / Estimate: 0.000, 0.292 / LogL: -17739.836
Init pinv, alpha: 0.057, 1.000 / Estimate: 0.071, 0.338 / LogL: -17738.774
Init pinv, alpha: 0.114, 1.000 / Estimate: 0.144, 0.399 / LogL: -17737.429
Init pinv, alpha: 0.171, 1.000 / Estimate: 0.440, 1.307 / LogL: -17720.820
Init pinv, alpha: 0.228, 1.000 / Estimate: 0.439, 1.300 / LogL: -17720.867
Init pinv, alpha: 0.285, 1.000 / Estimate: 0.439, 1.297 / LogL: -17720.907
Init pinv, alpha: 0.342, 1.000 / Estimate: 0.440, 1.306 / LogL: -17720.915
Init pinv, alpha: 0.400, 1.000 / Estimate: 0.439, 1.300 / LogL: -17720.974
Init pinv, alpha: 0.457, 1.000 / Estimate: 0.444, 1.349 / LogL: -17720.911
Init pinv, alpha: 0.514, 1.000 / Estimate: 0.453, 1.435 / LogL: -17721.014
Optimal pinv,alpha: 0.440, 1.307 / LogL: -17720.820

Parameters optimization took 54.671 sec
Computing ML distances based on estimated model parameters... 1.188 sec
Computing BIONJ tree...
0.126 seconds
Log-likelihood of BIONJ tree: -17936.003
--------------------------------------------------------------------
|             INITIALIZING CANDIDATE TREE SET                      |
--------------------------------------------------------------------
Generating 98 parsimony trees... 6.310 second
Computing log-likelihood of 98 initial trees ... 11.470 seconds
Current best score: -17713.061

Do NNI search on 20 best initial trees
Estimate model parameters (epsilon = 0.100)
BETTER TREE FOUND at iteration 1: -17704.817
Iteration 10 / LogL: -17705.515 / Time: 0h:1m:26s
Estimate model parameters (epsilon = 0.100)
BETTER TREE FOUND at iteration 19: -17704.661
Iteration 20 / LogL: -17706.869 / Time: 0h:1m:38s
Finish initializing candidate tree set (20)
Current best tree score: -17704.661 / CPU time: 42.578
Number of iterations: 20
--------------------------------------------------------------------
|               OPTIMIZING CANDIDATE TREE SET                      |
--------------------------------------------------------------------
Estimate model parameters (epsilon = 0.100)
BETTER TREE FOUND at iteration 25: -17703.273
Iteration 30 / LogL: -17718.702 / Time: 0h:2m:1s (0h:6m:39s left)
Estimate model parameters (epsilon = 0.100)
BETTER TREE FOUND at iteration 32: -17702.771
Estimate model parameters (epsilon = 0.100)
BETTER TREE FOUND at iteration 36: -17702.528
Iteration 40 / LogL: -17737.832 / Time: 0h:2m:23s (0h:5m:53s left)
Iteration 50 / LogL: -17702.787 / Time: 0h:2m:45s (0h:4m:50s left)
BETTER TREE FOUND at iteration 56: -17702.527
Iteration 60 / LogL: -17707.623 / Time: 0h:3m:7s (0h:5m:5s left)
BETTER TREE FOUND at iteration 65: -17702.526
BETTER TREE FOUND at iteration 68: -17702.526
Iteration 70 / LogL: -17705.280 / Time: 0h:3m:29s (0h:4m:57s left)
Iteration 80 / LogL: -17703.292 / Time: 0h:3m:56s (0h:4m:23s left)
Iteration 90 / LogL: -17728.442 / Time: 0h:4m:24s (0h:3m:51s left)
BETTER TREE FOUND at iteration 98: -17702.525
Iteration 100 / LogL: -17702.895 / Time: 0h:4m:52s (0h:4m:49s left)
Iteration 110 / LogL: -17758.533 / Time: 0h:5m:17s (0h:4m:16s left)
BETTER TREE FOUND at iteration 117: -17702.520
Iteration 120 / LogL: -17715.688 / Time: 0h:5m:41s (0h:4m:38s left)
Iteration 130 / LogL: -17704.376 / Time: 0h:6m:0s (0h:4m:2s left)
Iteration 140 / LogL: -17706.777 / Time: 0h:6m:34s (0h:3m:38s left)
Iteration 150 / LogL: -17702.524 / Time: 0h:7m:17s (0h:3m:16s left)
Iteration 160 / LogL: -17712.974 / Time: 0h:7m:36s (0h:2m:43s left)
Iteration 170 / LogL: -17703.286 / Time: 0h:7m:55s (0h:2m:12s left)
Iteration 180 / LogL: -17768.871 / Time: 0h:8m:18s (0h:1m:42s left)
Iteration 190 / LogL: -17714.923 / Time: 0h:9m:5s (0h:1m:17s left)
BETTER TREE FOUND at iteration 200: -17702.518
Iteration 200 / LogL: -17702.518 / Time: 0h:9m:59s (0h:5m:0s left)
Iteration 210 / LogL: -17709.113 / Time: 0h:10m:43s (0h:4m:37s left)
Iteration 220 / LogL: -17702.521 / Time: 0h:11m:11s (0h:4m:5s left)
Iteration 230 / LogL: -17733.658 / Time: 0h:11m:31s (0h:3m:31s left)
Iteration 240 / LogL: -17732.682 / Time: 0h:11m:50s (0h:2m:58s left)
Iteration 250 / LogL: -17713.999 / Time: 0h:12m:9s (0h:2m:26s left)
Iteration 260 / LogL: -17704.202 / Time: 0h:12m:28s (0h:1m:55s left)
Iteration 270 / LogL: -17842.244 / Time: 0h:12m:47s (0h:1m:25s left)
Iteration 280 / LogL: -17733.823 / Time: 0h:13m:6s (0h:0m:56s left)
Iteration 290 / LogL: -17713.254 / Time: 0h:13m:24s (0h:0m:27s left)
Iteration 300 / LogL: -17705.036 / Time: 0h:13m:43s (0h:0m:0s left)
TREE SEARCH COMPLETED AFTER 301 ITERATIONS / Time: 0h:13m:45s

--------------------------------------------------------------------
|                    FINALIZING TREE SEARCH                        |
--------------------------------------------------------------------
Performs final model parameters optimization
Estimate model parameters (epsilon = 0.010)
1. Initial log-likelihood: -17702.518
Optimal log-likelihood: -17702.516
Rate parameters:  A-C: 1.48915  A-G: 7.23051  A-T: 0.83367  C-G: 0.23544  C-T: 11.47791  G-T: 1.00000
Base frequencies:  A: 0.297  C: 0.206  G: 0.236  T: 0.261
Proportion of invariable sites: 0.443
Gamma shape alpha: 1.321
Parameters optimization took 1 rounds (0.327 sec)
BEST SCORE FOUND : -17702.516
Ancestral state probabilities printed to all_N_unique.fasta.state
Total tree length: 2.617

Total number of iterations: 301
CPU time used for tree search: 698.094 sec (0h:11m:38s)
Wall-clock time used for tree search: 768.982 sec (0h:12m:48s)
Total CPU time used: 760.281 sec (0h:12m:40s)
Total wall-clock time used: 835.346 sec (0h:13m:55s)

Analysis results written to: 
  IQ-TREE report:                all_N_unique.fasta.iqtree
  Maximum-likelihood tree:       all_N_unique.fasta.treefile
  Likelihood distances:          all_N_unique.fasta.mldist
  Ancestral state:               all_N_unique.fasta.state
  Screen log file:               all_N_unique.fasta.log

Date and Time: Thu Oct 19 15:53:36 2023
