IQ-TREE multicore version 1.6.12 for Mac OS X 64-bit built Aug 15 2019
Developed by Bui Quang Minh, Nguyen Lam Tung, Olga Chernomor,
Heiko Schmidt, Dominik Schrempf, Michael Woodhams.

Host:    glaroam2-140-152.wireless.gla.ac.uk (SSE4.2, 18 GB RAM)
Command: bin/iqtree -s all_seqs_extra.fasta -o gannoruwa_outgroup -asr
Seed:    942781 (Using SPRNG - Scalable Parallel Random Number Generator)
Time:    Wed Feb  7 15:37:16 2024
Kernel:  SSE2 - 1 threads (11 CPU cores detected)

HINT: Use -nt option to specify number of threads because your CPU has 11 cores!
HINT: -nt AUTO will automatically determine the best number of threads to use.

Reading alignment file all_seqs_extra.fasta ... Fasta format detected
Alignment most likely contains DNA/RNA sequences
Alignment has 491 sequences with 1353 columns, 679 distinct patterns
581 parsimony-informative, 109 singleton sites, 663 constant sites
                    Gap/Ambiguity  Composition  p-value
   1  DQ666289              0.00%    passed     94.91%
   2  DQ666290              0.00%    passed     89.70%
   3  DQ866105              0.00%    passed     96.33%
   4  DQ866106              0.00%    passed     87.46%
   5  DQ866108              0.00%    passed     88.17%
   6  DQ866109              0.00%    passed     86.55%
   7  DQ866110              0.00%    passed     96.12%
   8  DQ866112              0.00%    passed     91.86%
   9  DQ866116              0.00%    passed     96.99%
  10  DQ866119              0.00%    passed     93.29%
  11  EU086182              0.00%    passed     90.28%
  12  EU086183              0.00%    passed     86.55%
  13  EU159386              0.00%    passed     90.28%
  14  EU828653              0.00%    passed     90.25%
  15  FJ561726              0.00%    passed     96.75%
  16  FJ561727              0.00%    passed     95.69%
  17  FJ561728              0.00%    passed     95.84%
  18  FJ866829              0.00%    passed     91.53%
  19  FJ866830              0.00%    passed     96.21%
  20  FJ866831              0.00%    passed     94.89%
  21  GQ472468              0.00%    passed     90.61%
  22  GQ472470              0.00%    passed     83.33%
  23  GQ472473              0.00%    passed     87.29%
  24  GQ472477              0.00%    passed     90.91%
  25  GU358653              0.00%    passed     85.24%
  26  HM486355              0.00%    passed     99.93%
  27  HM486356              0.00%    passed     99.90%
  28  HM486357              0.00%    passed     99.93%
  29  HM486358              0.00%    passed     99.93%
  30  HM486359              0.00%    passed     99.93%
  31  HM486361              0.00%    passed     99.93%
  32  HM486362              0.00%    passed     99.93%
  33  HM486364              0.00%    passed     99.93%
  34  HM486365              0.00%    passed     99.93%
  35  HM486366              0.00%    passed     99.93%
  36  HM486367              0.00%    passed     99.93%
  37  HM486368              0.00%    passed     93.88%
  38  HM486369              0.00%    passed     99.87%
  39  HM486370              0.00%    passed     99.93%
  40  HM486371              0.00%    passed     99.93%
  41  HM486372              0.00%    passed     99.93%
  42  HM486373              0.00%    passed     99.93%
  43  HM486374              0.00%    passed     99.89%
  44  HM486375              0.00%    passed     99.89%
  45  HM486379              0.00%    passed     99.78%
  46  HM486380              0.00%    passed     99.78%
  47  HM486381              0.00%    passed     96.21%
  48  JF819605              0.00%    passed     98.16%
  49  JF819615              0.00%    passed     99.87%
  50  JF819622              0.00%    passed     99.93%
  51  JN974823              0.00%    passed     97.48%
  52  JN974824              0.00%    passed     96.54%
  53  JN974828              0.00%    passed     87.94%
  54  JN974829              0.00%    passed     87.94%
  55  JN974838              0.00%    passed     97.08%
  56  JN974842              0.00%    passed     94.60%
  57  JN974845              0.00%    passed     97.54%
  58  JN974854              0.00%    passed     99.93%
  59  JN974870              0.00%    passed     99.98%
  60  JN974871              0.00%    passed     99.70%
  61  JN974872              0.00%    passed     99.79%
  62  JN974873              0.00%    passed     99.57%
  63  JQ970480              0.00%    passed     97.48%
  64  KT221107              0.00%    passed     98.39%
  65  KT894558              0.00%    passed     94.22%
  66  KT894572              0.00%    passed     96.31%
  67  KT894573              0.00%    passed     99.35%
  68  KT894577              0.00%    passed     85.55%
  69  KT894578              0.00%    passed     82.40%
  70  KX148264              0.00%    passed     85.24%
  71  KY451767              0.00%    passed     95.55%
  72  MG201879              0.00%    passed     88.15%
  73  MG201880              0.00%    passed     87.29%
  74  MG201884              0.00%    passed     87.94%
  75  MG201919              0.00%    passed     86.37%
  76  MG201921              0.00%    passed     84.88%
  77  FJ598135              0.00%    passed     97.40%
  78  FJ712195              0.00%    passed     98.53%
  79  FJ712196              0.00%    passed     96.18%
  80  GU647092              0.00%    passed     97.54%
  81  KF726852              0.00%    passed     89.05%
  82  KP319184              0.00%    passed     89.05%
  83  KP319185              0.00%    passed     96.77%
  84  KP319186              0.00%    passed     98.90%
  85  KP319187              0.00%    passed     97.24%
  86  KP319188              0.00%    passed     98.30%
  87  KP319189              0.00%    passed     97.24%
  88  KP319190              0.00%    passed     98.01%
  89  KP319191              0.00%    passed     96.44%
  90  KP319192              0.00%    passed     97.54%
  91  KP319193              0.00%    passed     96.63%
  92  KP319194              0.00%    passed     94.05%
  93  KP319195              0.00%    passed     92.16%
  94  KP319196              0.00%    passed     94.73%
  95  KP319197              0.00%    passed     94.73%
  96  KP319198              0.00%    passed     94.73%
  97  KP319199              0.00%    passed     99.09%
  98  KP319200              0.00%    passed     94.73%
  99  KP319201              0.00%    passed     99.23%
 100  KP319202              0.00%    passed     94.73%
 101  KP319203              0.00%    passed     89.36%
 102  KP319204              0.00%    passed     91.93%
 103  KP319205              0.00%    passed     96.14%
 104  KP319206              0.00%    passed     99.58%
 105  KP319207              0.00%    passed     99.70%
 106  KP319208              0.00%    passed     94.73%
 107  KP319209              0.00%    passed     94.73%
 108  KP319210              0.00%    passed     94.73%
 109  KP319211              0.00%    passed     94.73%
 110  KP319212              0.00%    passed     91.93%
 111  KP319213              0.00%    passed     94.73%
 112  AB519642              0.00%    passed     91.61%
 113  AF070449              0.00%    passed     87.85%
 114  AF351847              0.00%    passed     95.02%
 115  AF351852              0.00%    passed     83.75%
 116  AY854587              0.00%    passed     83.05%
 117  AY854592              0.00%    passed     98.09%
 118  AY854594              0.00%    passed     98.87%
 119  AY877433              0.00%    passed     92.23%
 120  AY877434              0.00%    passed     92.20%
 121  AY877435              0.00%    passed     92.89%
 122  GU592648              0.00%    passed     85.49%
 123  KF656696              0.00%    passed     96.73%
 124  KF656697              0.00%    passed     96.73%
 125  KF864234              0.00%    passed     89.96%
 126  KF864322              0.00%    passed     90.20%
 127  KF864397              0.00%    passed     79.43%
 128  KM594040              0.00%    passed     89.08%
 129  KM594041              0.00%    passed     68.62%
 130  KM594042              0.00%    passed     95.58%
 131  KP202393              0.00%    passed     90.25%
 132  KT023101              0.00%    passed     61.28%
 133  KU523255              0.00%    passed     61.28%
 134  MN968374              0.00%    passed     99.97%
 135  MN968375              0.00%    passed     99.86%
 136  MN968376              0.00%    passed     99.86%
 137  MN968377              0.00%    passed     99.87%
 138  MN968378              0.00%    passed     99.87%
 139  MN968379              0.00%    passed     99.87%
 140  MN968380              0.00%    passed     99.87%
 141  MN968381              0.00%    passed     99.87%
 142  MN968382              0.00%    passed     99.87%
 143  MN968383              0.00%    passed     99.87%
 144  MN968384              0.00%    passed     99.87%
 145  MN968385              0.00%    passed     99.87%
 146  MN968386              0.00%    passed     99.67%
 147  MN968387              0.00%    passed     99.86%
 148  MT891038              0.00%    passed     86.88%
 149  MW249020              0.00%    passed     97.72%
 150  MW249021              0.00%    passed     86.88%
 151  AB284509              0.00%    passed     96.84%
 152  AB284510              0.00%    passed     96.84%
 153  AB284511              0.00%    passed     97.29%
 154  AB284512              0.00%    passed     97.88%
 155  AB284513              0.00%    passed     96.22%
 156  AB284514              0.00%    passed     97.88%
 157  AB285215              0.00%    passed     96.84%
 158  EU853582              0.00%    passed     98.81%
 159  EU853584              0.00%    passed     94.47%
 160  EU853585              0.00%    passed     94.47%
 161  EU853586              0.00%    passed     93.48%
 162  EU853587              0.00%    passed     98.17%
 163  EU853588              0.00%    passed     98.17%
 164  EU853589              0.00%    passed     98.17%
 165  EU853590              0.00%    passed     97.43%
 166  HM179504              0.00%    passed     85.66%
 167  HM179505              0.00%    passed     88.42%
 168  HM179506              0.00%    passed     94.48%
 169  KF155002              0.00%    passed     96.06%
 170  KR534217              0.00%    passed     94.40%
 171  KR534218              0.00%    passed     94.26%
 172  KR534219              0.00%    passed     97.81%
 173  KR534220              0.00%    passed     94.26%
 174  KR534228              0.00%    passed     98.50%
 175  KR534229              0.00%    passed     96.25%
 176  KR534230              0.00%    passed     99.56%
 177  KR534231              0.00%    passed     98.50%
 178  KR534233              0.00%    passed     94.85%
 179  KR534238              0.00%    passed     97.60%
 180  KR534244              0.00%    passed     94.88%
 181  KR534247              0.00%    passed     94.88%
 182  KR534249              0.00%    passed     94.88%
 183  KR534250              0.00%    passed     90.90%
 184  KR534251              0.00%    passed     98.37%
 185  KR534252              0.00%    passed     98.41%
 186  KR534253              0.00%    passed     95.86%
 187  KR906734              0.00%    passed     97.81%
 188  KR906735              0.00%    passed     97.29%
 189  KR906736              0.00%    passed     97.54%
 190  KR906739              0.00%    passed     98.33%
 191  KR906741              0.00%    passed     98.69%
 192  KR906742              0.00%    passed     96.89%
 193  KR906743              0.00%    passed     98.50%
 194  KR906744              0.00%    passed     98.31%
 195  KR906745              0.00%    passed     97.46%
 196  KR906746              0.00%    passed     93.98%
 197  KR906747              0.00%    passed     94.64%
 198  KR906748              0.00%    passed     89.14%
 199  KR906749              0.00%    passed     97.80%
 200  KR906750              0.00%    passed     96.89%
 201  KR906751              0.00%    passed     91.86%
 202  KR906752              0.00%    passed     89.14%
 203  KR906754              0.00%    passed     96.89%
 204  KR906755              0.00%    passed     94.88%
 205  KR906756              0.00%    passed     94.67%
 206  KR906757              0.00%    passed     91.86%
 207  KR906759              0.00%    passed     97.92%
 208  KR906760              0.00%    passed     94.85%
 209  KR906762              0.00%    passed     97.23%
 210  KR906763              0.00%    passed     96.40%
 211  KR906765              0.00%    passed     96.84%
 212  KR906766              0.00%    passed     96.33%
 213  KR906767              0.00%    passed     97.46%
 214  KR906768              0.00%    passed     96.89%
 215  KR906770              0.00%    passed     99.53%
 216  KR906771              0.00%    passed     94.88%
 217  KR906772              0.00%    passed     94.85%
 218  KR906773              0.00%    passed     94.40%
 219  KR906774              0.00%    passed     98.37%
 220  KR906776              0.00%    passed     99.53%
 221  KR906780              0.00%    passed     94.40%
 222  KR906782              0.00%    passed     94.88%
 223  KR906784              0.00%    passed     99.67%
 224  KR906789              0.00%    passed     99.53%
 225  KR906790              0.00%    passed     99.31%
 226  KR906792              0.00%    passed     85.35%
 227  KT336432              0.00%    passed     94.40%
 228  KT336433              0.00%    passed     95.83%
 229  KT336434              0.00%    passed     75.81%
 230  KT336435              0.00%    passed     89.12%
 231  KT336436              0.00%    passed     95.09%
 232  KT336437              0.00%    passed     92.99%
 233  KX148203              0.00%    passed     92.32%
 234  KX148204              0.00%    passed     96.47%
 235  KX148205              0.00%    passed     98.81%
 236  KX148206              0.00%    passed     98.81%
 237  KX148208              0.00%    passed     99.96%
 238  KY210222              0.00%    passed     94.40%
 239  KY210223              0.00%    passed     98.37%
 240  KY210224              0.00%    passed     88.31%
 241  KY210226              0.00%    passed     90.90%
 242  KY210227              0.00%    passed     99.53%
 243  KY210229              0.00%    passed     94.88%
 244  KY210231              0.00%    passed     94.88%
 245  KY210232              0.00%    passed     94.88%
 246  KY210234              0.00%    passed     94.88%
 247  KY210235              0.00%    passed     94.88%
 248  KY210238              0.00%    passed     94.88%
 249  KY210239              0.00%    passed     94.88%
 250  KY210243              0.00%    passed     95.14%
 251  KY210244              0.00%    passed     88.31%
 252  KY210245              0.00%    passed     99.31%
 253  KY210247              0.00%    passed     95.14%
 254  KY210248              0.00%    passed     88.31%
 255  KY210249              0.00%    passed     93.08%
 256  KY210250              0.00%    passed     94.88%
 257  KY210251              0.00%    passed     94.88%
 258  KY210252              0.00%    passed     99.31%
 259  KY210253              0.00%    passed     97.41%
 260  KY210254              0.00%    passed     97.41%
 261  KY210255              0.00%    passed     97.41%
 262  KY210256              0.00%    passed     97.41%
 263  KY210257              0.00%    passed     99.53%
 264  KY210258              0.00%    passed     94.88%
 265  KY210260              0.00%    passed     94.88%
 266  KY210263              0.00%    passed     99.50%
 267  KY210264              0.00%    passed     99.40%
 268  KY210265              0.00%    passed     88.31%
 269  KY210266              0.00%    passed     97.41%
 270  KY210267              0.00%    passed     94.67%
 271  KY210269              0.00%    passed     99.53%
 272  KY210270              0.00%    passed     99.53%
 273  KY210271              0.00%    passed     94.88%
 274  KY210272              0.00%    passed     94.88%
 275  KY210273              0.00%    passed     88.31%
 276  KY210278              0.00%    passed     94.40%
 277  KY210279              0.00%    passed     99.67%
 278  KY210280              0.00%    passed     98.37%
 279  KY210281              0.00%    passed     98.37%
 280  KY210282              0.00%    passed     98.37%
 281  KY210286              0.00%    passed     94.40%
 282  KY210287              0.00%    passed     93.67%
 283  KY210288              0.00%    passed     93.67%
 284  KY210289              0.00%    passed     94.88%
 285  KY210290              0.00%    passed     94.88%
 286  KY210292              0.00%    passed     94.88%
 287  KY210293              0.00%    passed     94.88%
 288  KY210294              0.00%    passed     99.53%
 289  KY210295              0.00%    passed     93.67%
 290  KY210296              0.00%    passed     93.67%
 291  KY210299              0.00%    passed     94.88%
 292  KY210300              0.00%    passed     94.88%
 293  KY210303              0.00%    passed     88.31%
 294  KY210304              0.00%    passed     99.66%
 295  KY210307              0.00%    passed     94.88%
 296  KY210311              0.00%    passed     99.50%
 297  KY563717              0.00%    passed     74.89%
 298  LC029890              0.00%    passed     99.68%
 299  MN726804              0.00%    passed     97.23%
 300  MN726826              0.00%    passed     97.37%
 301  MN726827              0.00%    passed     96.93%
 302  MT454631              0.00%    passed     92.57%
 303  MT454634              0.00%    passed     94.40%
 304  MT454635              0.00%    passed     96.31%
 305  MT454636              0.00%    passed     94.40%
 306  MT454637              0.00%    passed     90.35%
 307  MT454639              0.00%    passed     94.40%
 308  MT454641              0.00%    passed     95.86%
 309  MT454643              0.00%    passed     98.50%
 310  MT454644              0.00%    passed     92.19%
 311  MT454645              0.00%    passed     98.84%
 312  AF351828              0.00%    passed     89.13%
 313  AF351831              0.00%    passed     87.95%
 314  AF351832              0.00%    passed     83.28%
 315  AF351833              0.00%    passed     88.43%
 316  AF351855              0.00%    passed     78.06%
 317  AF351861              0.00%    passed     97.25%
 318  AF351862              0.00%    passed     87.91%
 319  AY039227              0.00%    passed     82.89%
 320  AY039228              0.00%    passed     87.47%
 321  AY039229              0.00%    passed     84.50%
 322  GU644652              0.00%    passed     93.75%
 323  GU644654              0.00%    passed     82.98%
 324  GU644655              0.00%    passed     87.47%
 325  GU644656              0.00%    passed     84.17%
 326  GU644657              0.00%    passed     88.16%
 327  GU644658              0.00%    passed     79.60%
 328  GU644659              0.00%    passed     82.15%
 329  GU644660              0.00%    passed     94.30%
 330  GU644661              0.00%    passed     87.28%
 331  GU644662              0.00%    passed     91.19%
 332  GU644663              0.00%    passed     91.96%
 333  GU644664              0.00%    passed     94.39%
 334  GU644665              0.00%    passed     86.03%
 335  GU644666              0.00%    passed     91.90%
 336  GU644667              0.00%    passed     85.84%
 337  GU644668              0.00%    passed     88.80%
 338  GU644669              0.00%    passed     90.23%
 339  GU644670              0.00%    passed     93.20%
 340  GU644671              0.00%    passed     84.36%
 341  GU644676              0.00%    passed     87.96%
 342  GU644677              0.00%    passed     86.60%
 343  GU644684              0.00%    passed     86.70%
 344  GU644689              0.00%    passed     86.70%
 345  GU644690              0.00%    passed     86.88%
 346  GU644695              0.00%    passed     86.88%
 347  JQ685925              0.00%    passed     86.70%
 348  AF351845              0.00%    passed     98.94%
 349  AF351846              0.00%    passed     93.64%
 350  AF351858              0.00%    passed     90.95%
 351  AF394883              0.00%    passed     98.24%
 352  AF394884              0.00%    passed     98.56%
 353  GU644712              0.00%    passed     94.53%
 354  GU644713              0.00%    passed     94.17%
 355  GU644714              0.00%    passed     95.05%
 356  GU644715              0.00%    passed     96.46%
 357  GU644716              0.00%    passed     94.53%
 358  GU644717              0.00%    passed     96.57%
 359  GU644718              0.00%    passed     96.46%
 360  GU644719              0.00%    passed     95.51%
 361  GU644720              0.00%    passed     96.80%
 362  GU644721              0.00%    passed     97.21%
 363  JQ685947              0.00%    passed     96.57%
 364  AY854505              0.00%    passed     88.14%
 365  AY854525              0.00%    passed     90.50%
 366  AY854531              0.00%    passed     98.69%
 367  AY854544              0.00%    passed     99.37%
 368  AY854546              0.00%    passed     99.46%
 369  AY854558              0.00%    passed     94.67%
 370  AY854567              0.00%    passed     98.24%
 371  AY854573              0.00%    passed     99.89%
 372  AY854576              0.00%    passed     94.94%
 373  EU345002              0.00%    passed     99.05%
 374  EU345003              0.00%    passed     99.66%
 375  EU345004              0.00%    passed     97.48%
 376  JQ685938              0.00%    passed     99.58%
 377  JQ685968              0.00%    passed     96.74%
 378  MW055084              0.00%    passed     99.26%
 379  MW055085              0.00%    passed     98.65%
 380  MW055086              0.00%    passed     97.76%
 381  MW055087              0.00%    passed     98.64%
 382  AF351849              0.00%    passed     69.32%
 383  AF394876              0.00%    passed     82.36%
 384  GU644760              0.00%    passed     65.89%
 385  GU644761              0.00%    passed     75.92%
 386  GU644762              0.00%    passed     70.59%
 387  GU644763              0.00%    passed     72.57%
 388  GU644764              0.00%    passed     65.89%
 389  GU644765              0.00%    passed     60.01%
 390  GU644766              0.00%    passed     63.14%
 391  GU644767              0.00%    passed     65.17%
 392  GU644768              0.00%    passed     64.52%
 393  GU644769              0.00%    passed     54.65%
 394  GU644770              0.00%    passed     73.50%
 395  GU644771              0.00%    passed     79.36%
 396  GU644772              0.00%    passed     66.51%
 397  GU644773              0.00%    passed     65.17%
 398  GU644774              0.00%    passed     64.52%
 399  GU644775              0.00%    passed     61.47%
 400  GU644776              0.00%    passed     59.47%
 401  GU644777              0.00%    passed     69.26%
 402  GU644778              0.00%    passed     69.26%
 403  GU644779              0.00%    passed     64.52%
 404  GU644780              0.00%    passed     75.92%
 405  GU644781              0.00%    passed     71.30%
 406  GU644782              0.00%    passed     79.36%
 407  GU644783              0.00%    passed     79.36%
 408  GU644784              0.00%    passed     70.59%
 409  GU644785              0.00%    passed     61.91%
 410  GU644786              0.00%    passed     76.03%
 411  GU644787              0.00%    passed     68.34%
 412  GU644788              0.00%    passed     72.57%
 413  JQ685905              0.00%    passed     73.17%
 414  FJ392371              0.00%    passed     97.08%
 415  FJ392377              0.00%    passed     90.84%
 416  FJ392378              0.00%    passed     89.33%
 417  FJ392379              0.00%    passed     96.85%
 418  FJ392380              0.00%    passed     96.06%
 419  FJ392383              0.00%    passed     97.63%
 420  FJ392385              0.00%    passed     99.34%
 421  FJ392388              0.00%    passed     90.40%
 422  JQ692990              0.00%    passed     95.01%
 423  JQ692992              0.00%    passed     91.32%
 424  JQ692993              0.00%    passed     94.08%
 425  JQ692994              0.00%    passed     95.08%
 426  JQ692995              0.00%    passed     99.42%
 427  KF501180              0.00%    passed     61.37%
 428  KF501181              0.00%    passed     96.53%
 429  KF501182              0.00%    passed     94.74%
 430  KF501183              0.00%    passed     94.74%
 431  KF501184              0.00%    passed     97.33%
 432  KF501185              0.00%    passed     94.61%
 433  KF620487              0.00%    passed     98.99%
 434  KF620488              0.00%    passed     90.80%
 435  KF620489              0.00%    passed     94.53%
 436  KP860137              0.00%    passed     96.90%
 437  KP860138              0.00%    passed     90.80%
 438  KP860139              0.00%    passed     95.16%
 439  KP860140              0.00%    passed     58.25%
 440  KP860141              0.00%    passed     95.59%
 441  KP860142              0.00%    passed     93.34%
 442  KP860143              0.00%    passed     93.78%
 443  KP860144              0.00%    passed     95.14%
 444  KP860145              0.00%    passed     93.95%
 445  KP860146              0.00%    passed     93.95%
 446  KP860147              0.00%    passed     93.01%
 447  KP860148              0.00%    passed     93.78%
 448  KP860149              0.00%    passed     94.53%
 449  KP860150              0.00%    passed     99.09%
 450  KP860151              0.00%    passed     94.95%
 451  KP860152              0.00%    passed     98.63%
 452  KP860153              0.00%    passed     95.92%
 453  KP860154              0.00%    passed     95.44%
 454  KP860155              0.00%    passed     96.50%
 455  KP860156              0.00%    passed     96.53%
 456  KP860157              0.00%    passed     98.99%
 457  KP860158              0.00%    passed     98.35%
 458  KP860159              0.00%    passed     98.63%
 459  KP860160              0.00%    passed     62.27%
 460  KP860161              0.00%    passed     64.35%
 461  KP860162              0.00%    passed     64.28%
 462  KP860163              0.00%    passed     95.93%
 463  KP860164              0.00%    passed     96.53%
 464  KP860165              0.00%    passed     96.53%
 465  KP860166              0.00%    passed     96.53%
 466  KP860167              0.00%    passed     94.74%
 467  KP860168              0.00%    passed     97.22%
 468  KP860169              0.00%    passed     94.74%
 469  KP860170              0.00%    passed     96.53%
 470  KP860171              0.00%    passed     97.60%
 471  KP860172              0.00%    passed     95.11%
 472  KP860173              0.00%    passed     96.46%
 473  KP860174              0.00%    passed     95.19%
 474  KP860175              0.00%    passed     95.19%
 475  KP860176              0.00%    passed     98.45%
 476  KP860177              0.00%    passed     97.60%
 477  KP860178              0.00%    passed     70.30%
 478  KP860179              0.00%    passed     60.52%
 479  KP860180              0.00%    passed     61.95%
 480  KP860181              0.00%    passed     67.97%
 481  KP860182              0.00%    passed     61.37%
 482  KP860183              0.00%    passed     61.37%
 483  KP860184              0.00%    passed     98.83%
 484  KP860185              0.00%    passed     98.74%
 485  KP881353              0.00%    passed     62.43%
 486  KP881354              0.00%    passed     98.63%
 487  KP881355              0.00%    passed     95.87%
 488  KP881356              0.00%    passed     90.79%
 489  KP892527              0.00%    passed     95.16%
 490  KP892528              0.00%    passed     95.87%
 491  gannoruwa_outgroup    0.00%    passed     89.31%
****  TOTAL                 0.00%  0 sequences failed composition chi2 test (p-value<5%; df=3)


Create initial parsimony tree by phylogenetic likelihood library (PLL)... 0.045 seconds
NOTE: ModelFinder requires 108 MB RAM!
ModelFinder will test 286 DNA models (sample size: 1353) ...
 No. Model         -LnL         df  AIC          AICc         BIC
  1  JC            25205.710    979 52369.420    57513.763    57470.088
  2  JC+I          23645.382    980 49250.764    54419.473    54356.642
  3  JC+G4         23348.021    980 48656.042    53824.751    53761.920
  4  JC+I+G4       23336.426    981 48634.852    53828.070    53745.940
  5  JC+R2         23479.692    981 48921.383    54114.602    54032.471
  6  JC+R3         23365.862    983 48697.724    53940.391    53819.232
  7  JC+R4         23332.883    985 48635.766    53928.464    53767.695
  8  JC+R5         23325.980    987 48625.961    53969.281    53768.309
 14  F81+F         25224.377    982 52412.753    57630.624    57529.051
 15  F81+F+I       23663.229    983 49292.458    54535.125    54413.966
 16  F81+F+G4      23372.200    983 48710.400    53953.067    53831.908
 17  F81+F+I+G4    23359.779    984 48687.558    53955.167    53814.276
 18  F81+F+R2      23463.521    984 48895.042    54162.650    54021.760
 19  F81+F+R3      23361.344    986 48694.688    54012.622    53831.826
 20  F81+F+R4      23347.778    988 48671.557    54040.414    53819.116
 21  F81+F+R5      23347.087    990 48674.174    54094.561    53832.153
 27  K2P           23529.395    980 49018.791    54187.500    54124.669
 28  K2P+I         21921.477    981 45804.954    50998.172    50916.042
 29  K2P+G4        21592.558    981 45147.116    50340.334    50258.204
 30  K2P+I+G4      21577.120    982 45118.240    50336.110    50234.538
 31  K2P+R2        21676.901    982 45317.801    50535.672    50434.100
 32  K2P+R3        21569.302    984 45106.604    50374.213    50233.322
 33  K2P+R4        21565.928    986 45103.856    50421.790    50240.994
 40  HKY+F         23540.044    983 49046.089    54288.755    54167.597
 41  HKY+F+I       21926.297    984 45820.594    51088.203    50947.312
 42  HKY+F+G4      21575.582    984 45119.164    50386.772    50245.882
 43  HKY+F+I+G4    21559.824    985 45089.649    50382.346    50221.577
 44  HKY+F+R2      21650.174    985 45270.347    50563.045    50402.276
 45  HKY+F+R3      21550.627    987 45075.254    50418.574    50217.602
 46  HKY+F+R4      21549.621    989 45077.242    50471.787    50230.010
 53  TNe           23491.964    981 48945.928    54139.146    54057.016
 54  TNe+I         21888.096    982 45740.192    50958.062    50856.490
 55  TNe+G4        21586.250    982 45136.500    50354.370    50252.798
 56  TNe+I+G4      21567.490    983 45100.980    50343.646    50222.488
 57  TNe+R2        21643.454    983 45252.909    50495.576    50374.417
 58  TNe+R3        21558.033    985 45086.066    50378.763    50217.994
 59  TNe+R4        21557.878    987 45089.756    50433.076    50232.104
 66  TN+F          23466.201    984 48900.403    54168.012    54027.121
 67  TN+F+I        21862.025    985 45694.050    50986.747    50825.978
 68  TN+F+G4       21555.662    985 45081.324    50374.022    50213.253
 69  TN+F+I+G4     21534.166    986 45040.331    50358.266    50177.470
 70  TN+F+R2       21610.994    986 45193.988    50511.922    50331.126
 71  TN+F+R3       21527.451    988 45030.902    50399.759    50178.461
 72  TN+F+R4       21527.390    990 45034.780    50455.167    50192.759
 79  K3P           23504.541    981 48971.081    54164.300    54082.170
 80  K3P+I         21893.849    982 45751.698    50969.568    50867.996
 81  K3P+G4        21564.450    982 45092.900    50310.771    50209.199
 82  K3P+I+G4      21548.519    983 45063.037    50305.704    50184.545
 83  K3P+R2        21612.759    983 45191.518    50434.185    50313.027
 84  K3P+R3        21536.555    985 45043.111    50335.808    50175.039
 85  K3P+R4        21536.514    987 45047.028    50390.349    50189.377
 92  K3Pu+F        23511.703    984 48991.405    54259.014    54118.124
 93  K3Pu+F+I      21895.581    985 45761.162    51053.860    50893.091
 94  K3Pu+F+G4     21543.833    985 45057.667    50350.364    50189.595
 95  K3Pu+F+I+G4   21527.423    986 45026.847    50344.781    50163.985
 96  K3Pu+F+R2     21597.498    986 45166.996    50484.931    50304.135
 97  K3Pu+F+R3     21517.741    988 45011.481    50380.338    50159.040
 98  K3Pu+F+R4     21517.719    990 45015.438    50435.825    50173.417
105  TPM2+F        23512.914    984 48993.827    54261.436    54120.545
106  TPM2+F+I      21904.543    985 45779.087    51071.784    50911.015
107  TPM2+F+G4     21557.140    985 45084.281    50376.978    50216.209
108  TPM2+F+I+G4   21541.272    986 45054.543    50372.478    50191.682
109  TPM2+F+R2     21608.132    986 45188.265    50506.199    50325.403
110  TPM2+F+R3     21530.326    988 45036.652    50405.509    50184.211
111  TPM2+F+R4     21530.274    990 45040.548    50460.935    50198.527
118  TPM2u+F       23512.973    984 48993.946    54261.555    54120.665
119  TPM2u+F+I     21904.601    985 45779.201    51071.899    50911.130
120  TPM2u+F+G4    21557.203    985 45084.407    50377.104    50216.335
121  TPM2u+F+I+G4  21541.327    986 45054.655    50372.589    50191.793
122  TPM2u+F+R2    21608.039    986 45188.078    50506.012    50325.216
123  TPM2u+F+R3    21530.248    988 45036.497    50405.354    50184.055
124  TPM2u+F+R4    21530.211    990 45040.421    50460.808    50198.400
131  TPM3+F        23539.857    984 49047.713    54315.322    54174.432
132  TPM3+F+I      21926.218    985 45822.436    51115.133    50954.364
133  TPM3+F+G4     21575.373    985 45120.746    50413.444    50252.675
134  TPM3+F+I+G4   21559.503    986 45091.007    50408.941    50228.145
135  TPM3+F+R2     21627.681    986 45227.362    50545.296    50364.500
136  TPM3+F+R3     21548.622    988 45073.244    50442.101    50220.803
137  TPM3+F+R4     21548.581    990 45077.163    50497.550    50235.142
144  TPM3u+F       23539.906    984 49047.812    54315.420    54174.530
145  TPM3u+F+I     21926.267    985 45822.535    51115.232    50954.463
146  TPM3u+F+G4    21575.427    985 45120.854    50413.552    50252.783
147  TPM3u+F+I+G4  21559.558    986 45091.117    50409.051    50228.256
148  TPM3u+F+R2    21627.630    986 45227.260    50545.195    50364.399
149  TPM3u+F+R3    21548.551    988 45073.102    50441.959    50220.661
150  TPM3u+F+R4    21548.518    990 45077.036    50497.423    50235.015
157  TIMe          23467.151    982 48898.301    54116.172    54014.599
158  TIMe+I        21860.516    983 45687.032    50929.698    50808.540
159  TIMe+G4       21558.121    983 45082.241    50324.908    50203.750
160  TIMe+I+G4     21538.944    984 45045.888    50313.497    50172.607
161  TIMe+R2       21601.437    984 45170.874    50438.483    50297.592
162  TIMe+R3       21528.716    986 45029.431    50347.366    50166.570
163  TIMe+R4       21528.697    988 45033.393    50402.251    50180.952
170  TIM+F         23438.377    985 48846.754    54139.451    53978.682
171  TIM+F+I       21831.874    986 45635.747    50953.682    50772.886
172  TIM+F+G4      21524.353    986 45020.706    50338.640    50157.844
173  TIM+F+I+G4    21502.295    987 44978.589    50321.910    50120.938
174  TIM+F+R2      21572.663    987 45119.325    50462.646    50261.674
175  TIM+F+R3      21495.047    989 44968.093    50362.638    50120.862
176  TIM+F+R4      21495.009    991 44972.018    50418.400    50135.207
183  TIM2e         23453.579    982 48871.158    54089.028    53987.456
184  TIM2e+I       21856.174    983 45678.347    50921.014    50799.855
185  TIM2e+G4      21553.884    983 45073.769    50316.436    50195.277
186  TIM2e+I+G4    21535.096    984 45038.192    50305.801    50164.910
187  TIM2e+R2      21594.651    984 45157.301    50424.910    50284.019
188  TIM2e+R3      21523.878    986 45019.755    50337.690    50156.894
189  TIM2e+R4      21523.873    988 45023.747    50392.604    50171.305
196  TIM2+F        23439.321    985 48848.641    54141.339    53980.570
197  TIM2+F+I      21840.163    986 45652.327    50970.261    50789.465
198  TIM2+F+G4     21536.823    986 45045.647    50363.581    50182.785
199  TIM2+F+I+G4   21515.272    987 45004.544    50347.864    50146.893
200  TIM2+F+R2     21582.389    987 45138.778    50482.099    50281.127
201  TIM2+F+R3     21507.029    989 44992.059    50386.604    50144.828
202  TIM2+F+R4     21507.011    991 44996.022    50442.405    50159.211
209  TIM3e         23491.740    982 48947.481    54165.351    54063.779
210  TIM3e+I       21887.337    983 45740.673    50983.340    50862.181
211  TIM3e+G4      21585.974    983 45137.947    50380.614    50259.455
212  TIM3e+I+G4    21567.165    984 45102.330    50369.939    50229.049
213  TIM3e+R2      21627.901    984 45223.802    50491.410    50350.520
214  TIM3e+R3      21556.113    986 45084.225    50402.160    50221.364
215  TIM3e+R4      21555.505    988 45087.010    50455.867    50234.569
222  TIM3+F        23465.779    985 48901.558    54194.256    54033.487
223  TIM3+F+I      21861.682    986 45695.364    51013.298    50832.502
224  TIM3+F+G4     21555.126    986 45082.253    50400.187    50219.391
225  TIM3+F+I+G4   21533.483    987 45040.966    50384.287    50183.315
226  TIM3+F+R2     21602.170    987 45178.339    50521.660    50320.688
227  TIM3+F+R3     21525.388    989 45028.776    50423.322    50181.545
228  TIM3+F+R4     21525.369    991 45032.738    50479.120    50195.927
235  TVMe          23452.316    983 48870.633    54113.300    53992.141
236  TVMe+I        21848.627    984 45665.254    50932.863    50791.972
237  TVMe+G4       21520.356    984 45008.712    50276.321    50135.431
238  TVMe+I+G4     21504.571    985 44979.142    50271.840    50111.071
239  TVMe+R2       21563.440    985 45096.880    50389.578    50228.809
240  TVMe+R3       21491.699    987 44957.399    50300.719    50099.747
241  TVMe+R4       21491.691    989 44961.383    50355.928    50114.151
248  TVM+F         23473.399    986 48918.798    54236.733    54055.937
249  TVM+F+I       21862.979    987 45699.959    51043.279    50842.307
250  TVM+F+G4      21516.824    987 45007.647    50350.968    50149.996
251  TVM+F+I+G4    21500.538    988 44977.077    50345.934    50124.635
252  TVM+F+R2      21567.533    988 45111.065    50479.922    50258.624
253  TVM+F+R3      21489.353    990 44958.706    50379.093    50116.685
254  TVM+F+R4      21489.339    992 44962.678    50435.211    50131.077
261  SYM           23414.789    984 48797.577    54065.186    53924.296
262  SYM+I         21814.718    985 45599.436    50892.134    50731.365
263  SYM+G4        21513.818    985 44997.636    50290.334    50129.565
264  SYM+I+G4      21494.993    986 44961.987    50279.921    50099.125
265  SYM+R2        21554.765    986 45081.531    50399.465    50218.669
266  SYM+R3        21483.886    988 44943.772    50312.629    50091.331
267  SYM+R4        21483.889    990 44947.779    50368.166    50105.758
274  GTR+F         23399.451    987 48772.903    54116.223    53915.251
275  GTR+F+I       21798.270    988 45572.541    50941.398    50720.100
276  GTR+F+G4      21495.862    988 44967.723    50336.580    50115.282
277  GTR+F+I+G4    21474.098    989 44926.196    50320.742    50078.965
278  GTR+F+R2      21542.081    989 45062.162    50456.707    50214.930
279  GTR+F+R3      21466.222    991 44914.445    50360.827    50077.634
280  GTR+F+R4      21466.202    993 44918.403    50417.244    50092.012
Akaike Information Criterion:           GTR+F+R3
Corrected Akaike Information Criterion: TVMe+I+G4
Bayesian Information Criterion:         GTR+F+R3
Best-fit model: GTR+F+R3 chosen according to BIC

All model information printed to all_seqs_extra.fasta.model.gz
CPU time for ModelFinder: 172.519 seconds (0h:2m:52s)
Wall-clock time for ModelFinder: 172.869 seconds (0h:2m:52s)

NOTE: 32 MB RAM (0 GB) is required!
Estimate model parameters (epsilon = 0.100)
1. Initial log-likelihood: -23718.624
2. Current log-likelihood: -21624.397
3. Current log-likelihood: -21573.878
4. Current log-likelihood: -21554.927
5. Current log-likelihood: -21542.577
6. Current log-likelihood: -21532.586
7. Current log-likelihood: -21526.478
8. Current log-likelihood: -21525.226
9. Current log-likelihood: -21523.834
10. Current log-likelihood: -21522.767
11. Current log-likelihood: -21521.999
12. Current log-likelihood: -21521.326
13. Current log-likelihood: -21520.917
14. Current log-likelihood: -21520.676
15. Current log-likelihood: -21520.341
16. Current log-likelihood: -21520.116
Optimal log-likelihood: -21520.112
Rate parameters:  A-C: 1.53789  A-G: 7.51556  A-T: 0.85050  C-G: 0.26808  C-T: 10.49625  G-T: 1.00000
Base frequencies:  A: 0.296  C: 0.207  G: 0.237  T: 0.260
Site proportion and rates:  (0.620,0.141) (0.125,1.347) (0.255,2.916)
Parameters optimization took 16 rounds (9.634 sec)
Computing ML distances based on estimated model parameters... 1.383 sec
Computing BIONJ tree...
0.118 seconds
Log-likelihood of BIONJ tree: -21737.347
--------------------------------------------------------------------
|             INITIALIZING CANDIDATE TREE SET                      |
--------------------------------------------------------------------
Generating 98 parsimony trees... 4.393 second
Computing log-likelihood of 98 initial trees ... 8.871 seconds
Current best score: -21499.180

Do NNI search on 20 best initial trees
Estimate model parameters (epsilon = 0.100)
BETTER TREE FOUND at iteration 1: -21457.402
Estimate model parameters (epsilon = 0.100)
BETTER TREE FOUND at iteration 6: -21443.157
Estimate model parameters (epsilon = 0.100)
BETTER TREE FOUND at iteration 7: -21440.133
Iteration 10 / LogL: -21452.489 / Time: 0h:0m:49s
Iteration 20 / LogL: -21453.723 / Time: 0h:0m:56s
Finish initializing candidate tree set (20)
Current best tree score: -21440.133 / CPU time: 44.828
Number of iterations: 20
--------------------------------------------------------------------
|               OPTIMIZING CANDIDATE TREE SET                      |
--------------------------------------------------------------------
Estimate model parameters (epsilon = 0.100)
BETTER TREE FOUND at iteration 24: -21438.531
Iteration 30 / LogL: -21506.565 / Time: 0h:1m:10s (0h:3m:49s left)
Estimate model parameters (epsilon = 0.100)
BETTER TREE FOUND at iteration 37: -21438.373
Iteration 40 / LogL: -21439.904 / Time: 0h:1m:24s (0h:3m:29s left)
Iteration 50 / LogL: -21447.401 / Time: 0h:1m:38s (0h:2m:54s left)
Iteration 60 / LogL: -21441.866 / Time: 0h:1m:52s (0h:2m:26s left)
Estimate model parameters (epsilon = 0.100)
BETTER TREE FOUND at iteration 65: -21438.244
Estimate model parameters (epsilon = 0.100)
BETTER TREE FOUND at iteration 69: -21438.120
Iteration 70 / LogL: -21457.484 / Time: 0h:2m:6s (0h:3m:1s left)
BETTER TREE FOUND at iteration 78: -21438.114
Iteration 80 / LogL: -21440.268 / Time: 0h:2m:19s (0h:2m:53s left)
Iteration 90 / LogL: -21666.708 / Time: 0h:2m:33s (0h:2m:31s left)
BETTER TREE FOUND at iteration 92: -21438.105
Iteration 100 / LogL: -21438.110 / Time: 0h:2m:46s (0h:2m:35s left)
Iteration 110 / LogL: -21481.427 / Time: 0h:3m:1s (0h:2m:16s left)
BETTER TREE FOUND at iteration 112: -21438.102
Iteration 120 / LogL: -21473.113 / Time: 0h:3m:15s (0h:2m:30s left)
Iteration 130 / LogL: -21441.632 / Time: 0h:3m:28s (0h:2m:12s left)
Iteration 140 / LogL: -21505.440 / Time: 0h:3m:42s (0h:1m:55s left)
Estimate model parameters (epsilon = 0.100)
BETTER TREE FOUND at iteration 148: -21436.376
Iteration 150 / LogL: -21437.985 / Time: 0h:3m:56s (0h:2m:35s left)
Iteration 160 / LogL: -21456.572 / Time: 0h:4m:10s (0h:2m:18s left)
Estimate model parameters (epsilon = 0.100)
BETTER TREE FOUND at iteration 161: -21435.499
Estimate model parameters (epsilon = 0.100)
BETTER TREE FOUND at iteration 168: -21435.409
Iteration 170 / LogL: -21437.789 / Time: 0h:4m:24s (0h:2m:33s left)
Iteration 180 / LogL: -21488.630 / Time: 0h:4m:37s (0h:2m:16s left)
Iteration 190 / LogL: -21530.561 / Time: 0h:4m:50s (0h:1m:59s left)
Estimate model parameters (epsilon = 0.100)
BETTER TREE FOUND at iteration 198: -21435.325
Iteration 200 / LogL: -21547.705 / Time: 0h:5m:4s (0h:2m:30s left)
Estimate model parameters (epsilon = 0.100)
BETTER TREE FOUND at iteration 206: -21435.235
Estimate model parameters (epsilon = 0.100)
BETTER TREE FOUND at iteration 208: -21435.155
Iteration 210 / LogL: -21435.368 / Time: 0h:5m:19s (0h:2m:29s left)
BETTER TREE FOUND at iteration 213: -21435.151
BETTER TREE FOUND at iteration 214: -21435.146
Iteration 220 / LogL: -21444.650 / Time: 0h:5m:33s (0h:2m:23s left)
BETTER TREE FOUND at iteration 223: -21435.144
Iteration 230 / LogL: -21493.393 / Time: 0h:5m:47s (0h:2m:20s left)
BETTER TREE FOUND at iteration 238: -21435.139
Iteration 240 / LogL: -21436.784 / Time: 0h:6m:1s (0h:2m:28s left)
Iteration 250 / LogL: -21450.557 / Time: 0h:6m:15s (0h:2m:12s left)
Iteration 260 / LogL: -21436.838 / Time: 0h:6m:28s (0h:1m:57s left)
Iteration 270 / LogL: -21443.949 / Time: 0h:6m:42s (0h:1m:41s left)
BETTER TREE FOUND at iteration 271: -21435.139
BETTER TREE FOUND at iteration 275: -21435.131
Iteration 280 / LogL: -21440.528 / Time: 0h:6m:55s (0h:2m:21s left)
Iteration 290 / LogL: -21453.810 / Time: 0h:7m:9s (0h:2m:6s left)
BETTER TREE FOUND at iteration 292: -21435.129
Iteration 300 / LogL: -21439.120 / Time: 0h:7m:23s (0h:2m:16s left)
Iteration 310 / LogL: -21453.518 / Time: 0h:7m:37s (0h:2m:1s left)
Iteration 320 / LogL: -21435.936 / Time: 0h:7m:50s (0h:1m:46s left)
Iteration 330 / LogL: -21461.012 / Time: 0h:8m:4s (0h:1m:31s left)
Iteration 340 / LogL: -21467.182 / Time: 0h:8m:18s (0h:1m:16s left)
BETTER TREE FOUND at iteration 341: -21435.128
BETTER TREE FOUND at iteration 347: -21435.127
BETTER TREE FOUND at iteration 349: -21435.126
Iteration 350 / LogL: -21435.129 / Time: 0h:8m:31s (0h:2m:25s left)
Iteration 360 / LogL: -21451.717 / Time: 0h:8m:44s (0h:2m:10s left)
Iteration 370 / LogL: -21462.106 / Time: 0h:8m:58s (0h:1m:55s left)
BETTER TREE FOUND at iteration 373: -21435.123
Iteration 380 / LogL: -21466.195 / Time: 0h:9m:11s (0h:2m:15s left)
Iteration 390 / LogL: -21446.909 / Time: 0h:9m:25s (0h:2m:0s left)
Iteration 400 / LogL: -21444.109 / Time: 0h:9m:39s (0h:1m:46s left)
Iteration 410 / LogL: -21441.775 / Time: 0h:9m:53s (0h:1m:31s left)
BETTER TREE FOUND at iteration 412: -21435.117
Iteration 420 / LogL: -21436.075 / Time: 0h:10m:6s (0h:2m:13s left)
BETTER TREE FOUND at iteration 421: -21435.117
BETTER TREE FOUND at iteration 430: -21435.115
Iteration 430 / LogL: -21435.115 / Time: 0h:10m:20s (0h:2m:24s left)
Iteration 440 / LogL: -21436.822 / Time: 0h:10m:35s (0h:2m:10s left)
Iteration 450 / LogL: -21483.789 / Time: 0h:10m:48s (0h:1m:55s left)
BETTER TREE FOUND at iteration 458: -21435.113
Iteration 460 / LogL: -21455.556 / Time: 0h:11m:1s (0h:2m:21s left)
Iteration 470 / LogL: -21445.826 / Time: 0h:11m:16s (0h:2m:6s left)
BETTER TREE FOUND at iteration 473: -21435.110
Iteration 480 / LogL: -21435.588 / Time: 0h:11m:30s (0h:2m:14s left)
Iteration 490 / LogL: -21575.947 / Time: 0h:11m:43s (0h:1m:59s left)
Iteration 500 / LogL: -21523.672 / Time: 0h:11m:56s (0h:1m:44s left)
Iteration 510 / LogL: -21436.838 / Time: 0h:12m:11s (0h:1m:30s left)
Iteration 520 / LogL: -21435.111 / Time: 0h:12m:25s (0h:1m:16s left)
BETTER TREE FOUND at iteration 528: -21435.108
Iteration 530 / LogL: -21506.117 / Time: 0h:12m:39s (0h:2m:20s left)
Iteration 540 / LogL: -21458.885 / Time: 0h:12m:53s (0h:2m:6s left)
Iteration 550 / LogL: -21440.915 / Time: 0h:13m:6s (0h:1m:51s left)
BETTER TREE FOUND at iteration 554: -21435.107
Iteration 560 / LogL: -21462.712 / Time: 0h:13m:20s (0h:2m:14s left)
BETTER TREE FOUND at iteration 567: -21435.106
Iteration 570 / LogL: -21436.747 / Time: 0h:13m:35s (0h:2m:18s left)
Iteration 580 / LogL: -21498.395 / Time: 0h:13m:49s (0h:2m:4s left)
Iteration 590 / LogL: -21497.664 / Time: 0h:14m:4s (0h:1m:50s left)
Iteration 600 / LogL: -21438.728 / Time: 0h:14m:19s (0h:1m:36s left)
Iteration 610 / LogL: -21457.480 / Time: 0h:14m:32s (0h:1m:21s left)
BETTER TREE FOUND at iteration 614: -21435.105
Iteration 620 / LogL: -21453.275 / Time: 0h:14m:45s (0h:2m:14s left)
Iteration 630 / LogL: -21435.106 / Time: 0h:14m:58s (0h:1m:59s left)
BETTER TREE FOUND at iteration 633: -21435.105
Iteration 640 / LogL: -21446.989 / Time: 0h:15m:11s (0h:2m:12s left)
BETTER TREE FOUND at iteration 645: -21435.100
Iteration 650 / LogL: -21774.779 / Time: 0h:15m:25s (0h:2m:15s left)
Iteration 660 / LogL: -21524.308 / Time: 0h:15m:39s (0h:2m:1s left)
BETTER TREE FOUND at iteration 667: -21435.099
Iteration 670 / LogL: -21439.325 / Time: 0h:15m:53s (0h:2m:18s left)
BETTER TREE FOUND at iteration 673: -21435.098
Iteration 680 / LogL: -21486.065 / Time: 0h:16m:6s (0h:2m:12s left)
BETTER TREE FOUND at iteration 690: -21435.097
Iteration 690 / LogL: -21435.097 / Time: 0h:16m:19s (0h:2m:22s left)
Iteration 700 / LogL: -21443.756 / Time: 0h:16m:33s (0h:2m:7s left)
BETTER TREE FOUND at iteration 702: -21435.093
BETTER TREE FOUND at iteration 704: -21435.089
Iteration 710 / LogL: -21444.937 / Time: 0h:16m:47s (0h:2m:13s left)
Iteration 720 / LogL: -21481.951 / Time: 0h:17m:0s (0h:1m:59s left)
Iteration 730 / LogL: -21468.730 / Time: 0h:17m:14s (0h:1m:44s left)
Iteration 740 / LogL: -21435.778 / Time: 0h:17m:27s (0h:1m:30s left)
Iteration 750 / LogL: -21441.586 / Time: 0h:17m:40s (0h:1m:16s left)
Iteration 760 / LogL: -21438.676 / Time: 0h:17m:54s (0h:1m:2s left)
Iteration 770 / LogL: -21460.977 / Time: 0h:18m:6s (0h:0m:48s left)
BETTER TREE FOUND at iteration 776: -21435.087
Iteration 780 / LogL: -21490.283 / Time: 0h:18m:21s (0h:2m:15s left)
Iteration 790 / LogL: -21478.543 / Time: 0h:18m:34s (0h:2m:1s left)
Iteration 800 / LogL: -21465.433 / Time: 0h:18m:48s (0h:1m:47s left)
Iteration 810 / LogL: -21437.499 / Time: 0h:19m:2s (0h:1m:33s left)
Iteration 820 / LogL: -21482.727 / Time: 0h:19m:16s (0h:1m:19s left)
BETTER TREE FOUND at iteration 828: -21435.085
Iteration 830 / LogL: -21455.350 / Time: 0h:19m:30s (0h:2m:18s left)
Iteration 840 / LogL: -21435.842 / Time: 0h:19m:43s (0h:2m:4s left)
BETTER TREE FOUND at iteration 850: -21435.082
Iteration 850 / LogL: -21435.082 / Time: 0h:19m:56s (0h:2m:20s left)
Iteration 860 / LogL: -21435.109 / Time: 0h:20m:9s (0h:2m:6s left)
Iteration 870 / LogL: -21447.945 / Time: 0h:20m:22s (0h:1m:52s left)
Iteration 880 / LogL: -21486.433 / Time: 0h:20m:36s (0h:1m:38s left)
Iteration 890 / LogL: -21475.992 / Time: 0h:20m:49s (0h:1m:24s left)
BETTER TREE FOUND at iteration 891: -21435.081
Iteration 900 / LogL: -21446.017 / Time: 0h:21m:3s (0h:2m:7s left)
Iteration 910 / LogL: -21476.559 / Time: 0h:21m:16s (0h:1m:53s left)
Iteration 920 / LogL: -21460.972 / Time: 0h:21m:30s (0h:1m:39s left)
Iteration 930 / LogL: -21439.919 / Time: 0h:21m:43s (0h:1m:25s left)
BETTER TREE FOUND at iteration 937: -21435.080
Iteration 940 / LogL: -21459.903 / Time: 0h:21m:56s (0h:2m:16s left)
BETTER TREE FOUND at iteration 943: -21435.076
Iteration 950 / LogL: -21451.160 / Time: 0h:22m:10s (0h:2m:10s left)
Iteration 960 / LogL: -21437.884 / Time: 0h:22m:24s (0h:1m:56s left)
Iteration 970 / LogL: -21478.630 / Time: 0h:22m:37s (0h:1m:42s left)
Iteration 980 / LogL: -21435.081 / Time: 0h:22m:51s (0h:1m:28s left)
Iteration 990 / LogL: -21435.081 / Time: 0h:23m:5s (0h:1m:14s left)
Iteration 1000 / LogL: -21441.014 / Time: 0h:23m:18s (0h:1m:0s left)
Iteration 1010 / LogL: -21436.776 / Time: 0h:23m:31s (0h:0m:46s left)
Iteration 1020 / LogL: -21440.107 / Time: 0h:23m:45s (0h:0m:32s left)
Iteration 1030 / LogL: -21435.079 / Time: 0h:23m:59s (0h:0m:18s left)
BETTER TREE FOUND at iteration 1031: -21435.076
Iteration 1040 / LogL: -21435.077 / Time: 0h:24m:13s (0h:2m:7s left)
Iteration 1050 / LogL: -21600.995 / Time: 0h:24m:27s (0h:1m:53s left)
Iteration 1060 / LogL: -21435.827 / Time: 0h:24m:40s (0h:1m:39s left)
Iteration 1070 / LogL: -21438.657 / Time: 0h:24m:55s (0h:1m:25s left)
Iteration 1080 / LogL: -21465.770 / Time: 0h:25m:9s (0h:1m:11s left)
BETTER TREE FOUND at iteration 1082: -21435.074
Iteration 1090 / LogL: -21447.570 / Time: 0h:25m:23s (0h:2m:8s left)
BETTER TREE FOUND at iteration 1092: -21435.073
Iteration 1100 / LogL: -21435.827 / Time: 0h:25m:37s (0h:2m:8s left)
Iteration 1110 / LogL: -21440.630 / Time: 0h:25m:51s (0h:1m:54s left)
BETTER TREE FOUND at iteration 1115: -21435.072
Iteration 1120 / LogL: -21444.156 / Time: 0h:26m:5s (0h:2m:12s left)
BETTER TREE FOUND at iteration 1130: -21435.072
Iteration 1130 / LogL: -21435.072 / Time: 0h:26m:19s (0h:2m:19s left)
Iteration 1140 / LogL: -21458.706 / Time: 0h:26m:33s (0h:2m:5s left)
Iteration 1150 / LogL: -21442.882 / Time: 0h:26m:47s (0h:1m:51s left)
Iteration 1160 / LogL: -21491.123 / Time: 0h:27m:1s (0h:1m:37s left)
Iteration 1170 / LogL: -21473.781 / Time: 0h:27m:15s (0h:1m:23s left)
Iteration 1180 / LogL: -21439.155 / Time: 0h:27m:28s (0h:1m:9s left)
Iteration 1190 / LogL: -21440.457 / Time: 0h:27m:42s (0h:0m:55s left)
Iteration 1200 / LogL: -21435.075 / Time: 0h:27m:56s (0h:0m:41s left)
BETTER TREE FOUND at iteration 1206: -21435.071
Iteration 1210 / LogL: -21467.967 / Time: 0h:28m:10s (0h:2m:14s left)
BETTER TREE FOUND at iteration 1211: -21435.069
Iteration 1220 / LogL: -21435.073 / Time: 0h:28m:23s (0h:2m:7s left)
Iteration 1230 / LogL: -21437.906 / Time: 0h:28m:37s (0h:1m:53s left)
Iteration 1240 / LogL: -21440.827 / Time: 0h:28m:51s (0h:1m:39s left)
Iteration 1250 / LogL: -21436.788 / Time: 0h:29m:4s (0h:1m:25s left)
Iteration 1260 / LogL: -21774.815 / Time: 0h:29m:19s (0h:1m:11s left)
Iteration 1270 / LogL: -21435.073 / Time: 0h:29m:33s (0h:0m:57s left)
Iteration 1280 / LogL: -21437.903 / Time: 0h:29m:47s (0h:0m:43s left)
Iteration 1290 / LogL: -21499.330 / Time: 0h:30m:1s (0h:0m:29s left)
Iteration 1300 / LogL: -21444.801 / Time: 0h:30m:14s (0h:0m:15s left)
Iteration 1310 / LogL: -21530.154 / Time: 0h:30m:28s (0h:0m:1s left)
TREE SEARCH COMPLETED AFTER 1312 ITERATIONS / Time: 0h:30m:30s

--------------------------------------------------------------------
|                    FINALIZING TREE SEARCH                        |
--------------------------------------------------------------------
Performs final model parameters optimization
Estimate model parameters (epsilon = 0.010)
1. Initial log-likelihood: -21435.069
2. Current log-likelihood: -21435.030
3. Current log-likelihood: -21434.973
4. Current log-likelihood: -21434.918
5. Current log-likelihood: -21434.866
6. Current log-likelihood: -21434.816
7. Current log-likelihood: -21434.767
8. Current log-likelihood: -21434.721
9. Current log-likelihood: -21434.678
10. Current log-likelihood: -21434.637
11. Current log-likelihood: -21434.599
12. Current log-likelihood: -21434.563
13. Current log-likelihood: -21434.529
14. Current log-likelihood: -21434.497
15. Current log-likelihood: -21434.467
16. Current log-likelihood: -21434.438
17. Current log-likelihood: -21434.410
18. Current log-likelihood: -21434.385
19. Current log-likelihood: -21434.370
20. Current log-likelihood: -21434.356
21. Current log-likelihood: -21434.341
22. Current log-likelihood: -21434.327
23. Current log-likelihood: -21434.314
24. Current log-likelihood: -21434.301
25. Current log-likelihood: -21434.288
26. Current log-likelihood: -21434.276
27. Current log-likelihood: -21434.264
28. Current log-likelihood: -21434.253
29. Current log-likelihood: -21434.242
30. Current log-likelihood: -21434.231
31. Current log-likelihood: -21434.221
Optimal log-likelihood: -21434.206
Rate parameters:  A-C: 1.50791  A-G: 7.49197  A-T: 0.82432  C-G: 0.24881  C-T: 10.65206  G-T: 1.00000
Base frequencies:  A: 0.296  C: 0.207  G: 0.237  T: 0.260
Site proportion and rates:  (0.566,0.055) (0.204,1.118) (0.230,3.223)
Parameters optimization took 31 rounds (11.753 sec)
BEST SCORE FOUND : -21434.206
Ancestral state probabilities printed to all_seqs_extra.fasta.state
Total tree length: 3.148

Total number of iterations: 1312
CPU time used for tree search: 1814.621 sec (0h:30m:14s)
Wall-clock time used for tree search: 1819.387 sec (0h:30m:19s)
Total CPU time used: 1838.556 sec (0h:30m:38s)
Total wall-clock time used: 1844.127 sec (0h:30m:44s)

Analysis results written to: 
  IQ-TREE report:                all_seqs_extra.fasta.iqtree
  Maximum-likelihood tree:       all_seqs_extra.fasta.treefile
  Likelihood distances:          all_seqs_extra.fasta.mldist
  Ancestral state:               all_seqs_extra.fasta.state
  Screen log file:               all_seqs_extra.fasta.log

Date and Time: Wed Feb  7 16:10:54 2024
