IQ-TREE multicore version 1.6.12 for Windows 64-bit built Aug 15 2019
Developed by Bui Quang Minh, Nguyen Lam Tung, Olga Chernomor,
Heiko Schmidt, Dominik Schrempf, Michael Woodhams.

Host:    RowansLaptop (AVX, 7 GB RAM)
Command: bin\iqtree -s all_G_unique.fasta -o NC_031988_gannoruwa_outgroup -asr
Seed:    846901 (Using SPRNG - Scalable Parallel Random Number Generator)
Time:    Thu Oct 19 14:35:02 2023
Kernel:  AVX - 1 threads (4 CPU cores detected)

HINT: Use -nt option to specify number of threads because your CPU has 4 cores!
HINT: -nt AUTO will automatically determine the best number of threads to use.

Reading alignment file all_G_unique.fasta ... Fasta format detected
Alignment most likely contains DNA/RNA sequences
Alignment has 243 sequences with 1575 columns, 764 distinct patterns
712 parsimony-informative, 122 singleton sites, 741 constant sites
                              Gap/Ambiguity  Composition  p-value
   1  JQ595322                        0.00%    passed     96.45%
   2  JQ595324                        0.00%    passed     99.91%
   3  JQ595325                        0.00%    passed     98.39%
   4  JQ685925                        0.00%    passed     99.96%
   5  JQ685996                        0.00%    passed     99.15%
   6  JQ824889                        0.00%    passed     98.18%
   7  JQ824893                        0.00%    passed     99.03%
   8  JX871849                        0.00%    passed     98.97%
   9  JX871859                        0.00%    passed     99.38%
  10  JX871865                        0.00%    passed     98.27%
  11  JX871869                        0.00%    passed     99.15%
  12  JX871881                        0.00%    passed     98.13%
  13  KJ174608                        0.00%    passed     98.63%
  14  KJ174609                        0.00%    passed     98.23%
  15  KJ174615                        0.00%    passed     98.96%
  16  KJ174616                        0.00%    passed     99.43%
  17  KJ174617                        0.00%    passed     98.64%
  18  JQ595307                        0.00%    passed     98.19%
  19  JQ685947                        0.00%    passed     98.67%
  20  JQ685999                        0.00%    passed     98.58%
  21  KJ174642                        0.00%    passed     97.48%
  22  KJ174643                        0.00%    passed     98.84%
  23  KJ174644                        0.00%    passed     98.17%
  24  JQ595320                        0.00%    passed     80.16%
  25  JQ595321                        0.00%    passed     80.16%
  26  JQ685905                        0.00%    passed     76.98%
  27  JX871846                        0.00%    passed     71.95%
  28  JX871870                        0.00%    passed     79.52%
  29  JX871877                        0.00%    passed     79.52%
  30  KJ174667                        0.00%    passed     76.43%
  31  KJ174668                        0.00%    passed     78.17%
  32  KJ174669                        0.00%    passed     78.17%
  33  KJ174670                        0.00%    passed     72.77%
  34  KJ174673                        0.00%    passed     85.79%
  35  KJ174674                        0.00%    passed     83.64%
  36  FJ712195                        0.00%    passed     99.31%
  37  FJ712196                        0.00%    passed     99.55%
  38  FJ825134                        0.00%    passed     99.31%
  39  GU647092                        0.00%    passed     99.58%
  40  KF726852                        0.00%    passed     98.90%
  41  AB449210                        0.00%    passed     95.66%
  42  AB496698                        0.00%    passed     95.15%
  43  AB496699                        0.00%    passed     97.01%
  44  AB496701                        0.00%    passed     91.65%
  45  AB496703                        0.00%    passed     97.01%
  46  AB496705                        0.00%    passed     96.06%
  47  AB519642                        0.00%    passed     95.45%
  48  JF523202                        0.00%    passed     96.21%
  49  KF656698                        0.00%    passed     83.51%
  50  KF656699                        0.00%    passed     83.81%
  51  KM594040                        0.00%    passed     90.75%
  52  KM594041                        0.00%    passed     95.15%
  53  KM594042                        0.00%    passed     92.39%
  54  KT023100                        0.00%    passed     88.51%
  55  MN968388                        0.00%    passed     97.92%
  56  MN968389                        0.00%    passed     94.61%
  57  MN968401                        0.00%    passed     97.73%
  58  AB428310                        0.00%    passed     99.74%
  59  AB428311                        0.00%    passed     99.32%
  60  AB428313                        0.00%    passed     98.47%
  61  AB428314                        0.00%    passed     99.58%
  62  AB428316                        0.00%    passed     99.28%
  63  AB458802                        0.00%    passed     99.58%
  64  AB458806                        0.00%    passed     99.35%
  65  DQ849071                        0.00%    passed     98.73%
  66  EU086144                        0.00%    passed     99.35%
  67  EU267746                        0.00%    passed     99.44%
  68  EU267747                        0.00%    passed     99.04%
  69  EU828654                        0.00%    passed     97.23%
  70  FJ418880                        0.00%    passed     99.57%
  71  GQ472535                        0.00%    passed     99.58%
  72  GQ472536                        0.00%    passed     98.90%
  73  GQ472537                        0.00%    passed     98.91%
  74  GQ472540                        0.00%    passed     97.62%
  75  GQ472541                        0.00%    passed     99.51%
  76  GQ472543                        0.00%    passed     98.27%
  77  GQ472546                        0.00%    passed     99.35%
  78  GQ472547                        0.00%    passed     99.92%
  79  GQ472549                        0.00%    passed     99.57%
  80  GQ472550                        0.00%    passed     98.91%
  81  GQ472554                        0.00%    passed     99.80%
  82  GQ472557                        0.00%    passed     99.46%
  83  GU186379                        0.00%    passed     98.90%
  84  GU186380                        0.00%    passed     98.02%
  85  GU186398                        0.00%    passed     99.80%
  86  GU186400                        0.00%    passed     99.28%
  87  GU186401                        0.00%    passed     99.28%
  88  GU186402                        0.00%    passed     99.76%
  89  JN936688                        0.00%    passed     99.62%
  90  JN936689                        0.00%    passed     97.81%
  91  JN936690                        0.00%    passed     99.58%
  92  JN936693                        0.00%    passed     99.28%
  93  JN936695                        0.00%    passed     99.18%
  94  JN936697                        0.00%    passed     99.62%
  95  JN936707                        0.00%    passed     98.73%
  96  JN936711                        0.00%    passed     99.28%
  97  JN936713                        0.00%    passed     99.35%
  98  JN936715                        0.00%    passed     99.71%
  99  JN936719                        0.00%    passed     97.20%
 100  JQ699260                        0.00%    passed     99.60%
 101  JQ699262                        0.00%    passed     99.86%
 102  JQ699264                        0.00%    passed     99.22%
 103  JQ699267                        0.00%    passed     99.93%
 104  JQ699272                        0.00%    passed     99.58%
 105  KT221127                        0.00%    passed     99.15%
 106  KT221136                        0.00%    passed     99.68%
 107  KX148264                        0.00%    passed     99.62%
 108  L04523                          0.00%    passed     97.78%
 109  MG201898                        0.00%    passed     99.35%
 110  MG201905                        0.00%    passed     99.62%
 111  MG201906                        0.00%    passed     98.97%
 112  MG201919                        0.00%    passed     99.79%
 113  MG201921                        0.00%    passed     99.95%
 114  AB285215                        0.00%    passed     97.42%
 115  HQ266618                        0.00%    passed     99.97%
 116  HQ266620                        0.00%    passed     93.75%
 117  HQ266621                        0.00%    passed     98.10%
 118  KF155002                        0.00%    passed     99.94%
 119  KR534217                        0.00%    passed     95.40%
 120  KR534219                        0.00%    passed     99.94%
 121  KR534228                        0.00%    passed     99.80%
 122  KR534229                        0.00%    passed     96.57%
 123  KR534230                        0.00%    passed     99.99%
 124  KR534233                        0.00%    passed     95.97%
 125  KR534238                        0.00%    passed     99.82%
 126  KR534244                        0.00%    passed     98.33%
 127  KR534250                        0.00%    passed     98.65%
 128  KR534251                        0.00%    passed     99.97%
 129  KR534252                        0.00%    passed     99.67%
 130  KR534253                        0.00%    passed     99.07%
 131  KR906734                        0.00%    passed     99.82%
 132  KR906735                        0.00%    passed     99.46%
 133  KR906736                        0.00%    passed     99.51%
 134  KR906739                        0.00%    passed     99.82%
 135  KR906741                        0.00%    passed     98.48%
 136  KR906742                        0.00%    passed     99.99%
 137  KR906744                        0.00%    passed     99.19%
 138  KR906745                        0.00%    passed     98.64%
 139  KR906746                        0.00%    passed     97.68%
 140  KR906747                        0.00%    passed     96.14%
 141  KR906748                        0.00%    passed     93.19%
 142  KR906749                        0.00%    passed     96.11%
 143  KR906750                        0.00%    passed     99.97%
 144  KR906751                        0.00%    passed     98.06%
 145  KR906756                        0.00%    passed     95.97%
 146  KR906761                        0.00%    passed     99.29%
 147  KR906762                        0.00%    passed     98.14%
 148  KR906763                        0.00%    passed     98.96%
 149  KR906766                        0.00%    passed     99.69%
 150  KR906767                        0.00%    passed     99.48%
 151  KR906768                        0.00%    passed     99.81%
 152  KR906769                        0.00%    passed     99.98%
 153  KR906770                        0.00%    passed     99.99%
 154  KR906771                        0.00%    passed     97.91%
 155  KR906780                        0.00%    passed     98.63%
 156  KR906782                        0.00%    passed     98.59%
 157  KR906784                        0.00%    passed     99.98%
 158  KR906790                        0.00%    passed     99.93%
 159  KT119634                        0.00%    passed     99.57%
 160  KT119635                        0.00%    passed     99.72%
 161  KT119637                        0.00%    passed     99.57%
 162  KT119641                        0.00%    passed     99.76%
 163  KT119643                        0.00%    passed     99.30%
 164  KT119645                        0.00%    passed     99.87%
 165  KT119647                        0.00%    passed     99.62%
 166  KT119648                        0.00%    passed     98.86%
 167  KT119650                        0.00%    passed     98.42%
 168  KT119651                        0.00%    passed     99.76%
 169  KT119652                        0.00%    passed     99.45%
 170  KT119657                        0.00%    passed     99.79%
 171  KT119659                        0.00%    passed     98.57%
 172  KT119663                        0.00%    passed     99.87%
 173  KT119668                        0.00%    passed     98.80%
 174  KT119671                        0.00%    passed     98.17%
 175  KT119674                        0.00%    passed     98.90%
 176  KT119691                        0.00%    passed     98.80%
 177  KT119694                        0.00%    passed     97.79%
 178  KT119695                        0.00%    passed     99.11%
 179  KT119697                        0.00%    passed     97.79%
 180  KT119698                        0.00%    passed     99.11%
 181  KT119699                        0.00%    passed     99.11%
 182  KT119700                        0.00%    passed     98.19%
 183  KT119706                        0.00%    passed     98.86%
 184  KT119710                        0.00%    passed     97.34%
 185  KT119716                        0.00%    passed     97.79%
 186  KT119717                        0.00%    passed     98.17%
 187  KT119719                        0.00%    passed     98.17%
 188  KT119724                        0.00%    passed     99.14%
 189  KT119725                        0.00%    passed     97.79%
 190  KT119731                        0.00%    passed     98.17%
 191  KT119734                        0.00%    passed     97.79%
 192  KT119735                        0.00%    passed     96.73%
 193  KT119737                        0.00%    passed     96.73%
 194  KT119738                        0.00%    passed     96.73%
 195  KT119739                        0.00%    passed     98.17%
 196  KT119740                        0.00%    passed     97.79%
 197  KT119743                        0.00%    passed     97.79%
 198  KT119750                        0.00%    passed     96.73%
 199  KT119776                        0.00%    passed     99.46%
 200  KT119780                        0.00%    passed     96.30%
 201  KT119781                        0.00%    passed     95.47%
 202  KT336432                        0.00%    passed     99.86%
 203  KT336433                        0.00%    passed     98.41%
 204  KT336434                        0.00%    passed     99.56%
 205  KT336435                        0.00%    passed     99.35%
 206  KT336436                        0.00%    passed     99.12%
 207  KT336437                        0.00%    passed     97.94%
 208  KX148203                        0.00%    passed     99.98%
 209  KX148204                        0.00%    passed     97.83%
 210  KX148205                        0.00%    passed     99.78%
 211  KX148206                        0.00%    passed     99.12%
 212  KY210223                        0.00%    passed     99.89%
 213  KY210227                        0.00%    passed     99.98%
 214  KY210234                        0.00%    passed     97.91%
 215  KY210239                        0.00%    passed     99.00%
 216  KY210244                        0.00%    passed     99.14%
 217  KY210245                        0.00%    passed     99.94%
 218  KY210249                        0.00%    passed     96.97%
 219  KY210253                        0.00%    passed     99.82%
 220  KY210260                        0.00%    passed     98.64%
 221  KY210263                        0.00%    passed     99.85%
 222  KY210264                        0.00%    passed     99.98%
 223  KY210266                        0.00%    passed     99.94%
 224  KY210271                        0.00%    passed     97.38%
 225  KY210278                        0.00%    passed     99.07%
 226  KY210280                        0.00%    passed     99.90%
 227  KY210287                        0.00%    passed     99.06%
 228  KY210288                        0.00%    passed     98.63%
 229  KY210289                        0.00%    passed     98.33%
 230  KY210294                        0.00%    passed     99.94%
 231  KY210295                        0.00%    passed     99.06%
 232  KY210300                        0.00%    passed     97.30%
 233  KY210307                        0.00%    passed     99.00%
 234  MN726804                        0.00%    passed     99.99%
 235  MN726818                        0.00%    passed     99.00%
 236  MT454635                        0.00%    passed     99.68%
 237  MT454636                        0.00%    passed     99.68%
 238  MT454637                        0.00%    passed     99.78%
 239  MT454643                        0.00%    passed     91.90%
 240  MT454644                        0.00%    passed     82.37%
 241  JQ685938                        0.00%    passed     97.23%
 242  JQ685968                        0.00%    passed     95.42%
 243  NC_031988_gannoruwa_outgroup    0.00%    passed     66.55%
****  TOTAL                           0.00%  0 sequences failed composition chi2 test (p-value<5%; df=3)


Create initial parsimony tree by phylogenetic likelihood library (PLL)... 0.062 seconds
NOTE: ModelFinder requires 60 MB RAM!
ModelFinder will test 286 DNA models (sample size: 1575) ...
 No. Model         -LnL         df  AIC          AICc         BIC
  1  JC            18383.741    483 37733.482    38162.029    40323.333
  2  JC+I          17608.009    484 36184.017    36614.733    38779.231
  3  JC+G4         17540.084    484 36048.168    36478.884    38643.381
  4  JC+I+G4       17523.491    485 36016.983    36449.875    38617.558
  5  JC+R2         17578.500    485 36127.000    36559.892    38727.575
  6  JC+R3         17543.802    487 36061.603    36498.873    38672.902
  7  JC+R4         17526.453    489 36030.905    36472.583    38652.928
  8  JC+R5         17525.684    491 36033.368    36479.484    38666.115
 14  F81+F         18377.276    486 37726.552    38161.629    40332.489
 15  F81+F+I       17605.326    487 36184.653    36621.922    38795.952
 16  F81+F+G4      17538.491    487 36050.983    36488.252    38662.282
 17  F81+F+I+G4    17521.399    488 36018.797    36458.267    38635.458
 18  F81+F+R2      17561.141    488 36098.281    36537.751    38714.942
 19  F81+F+R3      17529.639    490 36039.278    36483.171    38666.663
 20  F81+F+R4      17524.260    492 36032.520    36480.868    38670.630
 27  K2P           17131.148    484 35230.297    35661.012    37825.510
 28  K2P+I         16284.745    485 33539.491    33972.383    36140.066
 29  K2P+G4        16189.688    485 33349.376    33782.269    35949.951
 30  K2P+I+G4      16173.379    486 33318.757    33753.835    35924.695
 31  K2P+R2        16216.613    486 33405.227    33840.304    36011.164
 32  K2P+R3        16175.636    488 33327.273    33766.743    35943.934
 33  K2P+R4        16175.419    490 33330.838    33774.731    35958.224
 40  HKY+F         17124.249    487 35222.499    35659.768    37833.798
 41  HKY+F+I       16282.449    488 33540.898    33980.368    36157.560
 42  HKY+F+G4      16187.205    488 33350.410    33789.880    35967.071
 43  HKY+F+I+G4    16169.752    489 33317.505    33759.182    35939.528
 44  HKY+F+R2      16206.661    489 33391.322    33832.999    36013.345
 45  HKY+F+R3      16171.605    491 33325.210    33771.326    35957.957
 46  HKY+F+R4      16171.452    493 33328.903    33779.490    35972.374
 53  TNe           17127.349    485 35224.698    35657.590    37825.273
 54  TNe+I         16283.605    486 33539.211    33974.288    36145.148
 55  TNe+G4        16189.064    486 33350.127    33785.205    35956.065
 56  TNe+I+G4      16172.631    487 33319.263    33756.532    35930.562
 57  TNe+R2        16203.759    487 33381.517    33818.787    35992.816
 58  TNe+R3        16174.448    489 33326.896    33768.574    35948.919
 59  TNe+R4        16174.371    491 33330.743    33776.859    35963.490
 66  TN+F          17112.835    488 35201.671    35641.140    37818.332
 67  TN+F+I        16277.324    489 33532.649    33974.326    36154.672
 68  TN+F+G4       16183.247    489 33344.495    33786.172    35966.518
 69  TN+F+I+G4     16165.620    490 33311.240    33755.133    35938.625
 70  TN+F+R2       16196.821    490 33373.642    33817.535    36001.027
 71  TN+F+R3       16168.192    492 33320.384    33768.731    35958.493
 72  TN+F+R4       16168.139    494 33324.277    33777.111    35973.111
 79  K3P           17113.284    485 35196.567    35629.460    37797.142
 80  K3P+I         16263.540    486 33499.079    33934.156    36105.016
 81  K3P+G4        16168.919    486 33309.838    33744.915    35915.775
 82  K3P+I+G4      16151.622    487 33277.244    33714.513    35888.543
 83  K3P+R2        16178.682    487 33331.363    33768.633    35942.662
 84  K3P+R3        16153.038    489 33284.077    33725.754    35906.100
 85  K3P+R4        16152.975    491 33287.951    33734.067    35920.698
 92  K3Pu+F        17105.990    488 35187.980    35627.450    37804.641
 93  K3Pu+F+I      16261.395    489 33500.790    33942.468    36122.813
 94  K3Pu+F+G4     16166.456    489 33310.912    33752.590    35932.935
 95  K3Pu+F+I+G4   16147.961    490 33275.922    33719.815    35903.307
 96  K3Pu+F+R2     16175.548    490 33331.095    33774.988    35958.480
 97  K3Pu+F+R3     16149.183    492 33282.366    33730.714    35920.476
 98  K3Pu+F+R4     16149.100    494 33286.200    33739.033    35935.033
105  TPM2+F        17115.845    488 35207.690    35647.160    37824.351
106  TPM2+F+I      16274.411    489 33526.821    33968.499    36148.844
107  TPM2+F+G4     16179.219    489 33336.437    33778.115    35958.460
108  TPM2+F+I+G4   16162.056    490 33304.113    33748.006    35931.498
109  TPM2+F+R2     16187.168    490 33354.336    33798.229    35981.721
110  TPM2+F+R3     16162.829    492 33309.658    33758.006    35947.767
111  TPM2+F+R4     16162.821    494 33313.642    33766.476    35962.476
118  TPM2u+F       17115.859    488 35207.718    35647.188    37824.379
119  TPM2u+F+I     16274.424    489 33526.847    33968.525    36148.870
120  TPM2u+F+G4    16179.233    489 33336.466    33778.144    35958.489
121  TPM2u+F+I+G4  16162.072    490 33304.144    33748.037    35931.529
122  TPM2u+F+R2    16187.064    490 33354.128    33798.021    35981.513
123  TPM2u+F+R3    16162.743    492 33309.486    33757.833    35947.595
124  TPM2u+F+R4    16162.706    494 33313.411    33766.244    35962.244
131  TPM3+F        17123.707    488 35223.414    35662.884    37840.076
132  TPM3+F+I      16282.378    489 33542.756    33984.433    36164.779
133  TPM3+F+G4     16187.118    489 33352.236    33793.914    35974.259
134  TPM3+F+I+G4   16169.654    490 33319.309    33763.202    35946.694
135  TPM3+F+R2     16195.165    490 33370.329    33814.222    35997.714
136  TPM3+F+R3     16170.418    492 33324.836    33773.184    35962.945
137  TPM3+F+R4     16170.381    494 33328.762    33781.595    35977.595
144  TPM3u+F       17123.722    488 35223.444    35662.914    37840.105
145  TPM3u+F+I     16282.393    489 33542.786    33984.464    36164.810
146  TPM3u+F+G4    16187.135    489 33352.271    33793.948    35974.294
147  TPM3u+F+I+G4  16169.672    490 33319.345    33763.238    35946.730
148  TPM3u+F+R2    16195.100    490 33370.200    33814.093    35997.585
149  TPM3u+F+R3    16170.343    492 33324.686    33773.033    35962.795
150  TPM3u+F+R4    16170.310    494 33328.619    33781.453    35977.453
157  TIMe          17109.461    486 35190.922    35625.999    37796.859
158  TIMe+I        16262.377    487 33498.753    33936.023    36110.052
159  TIMe+G4       16168.243    487 33310.486    33747.755    35921.785
160  TIMe+I+G4     16150.816    488 33277.633    33717.102    35894.294
161  TIMe+R2       16176.747    488 33329.494    33768.964    35946.155
162  TIMe+R3       16151.923    490 33283.845    33727.738    35911.230
163  TIMe+R4       16151.890    492 33287.780    33736.127    35925.889
170  TIM+F         17094.547    489 35167.094    35608.771    37789.117
171  TIM+F+I       16256.265    490 33492.530    33936.423    36119.916
172  TIM+F+G4      16162.404    490 33304.809    33748.702    35932.194
173  TIM+F+I+G4    16143.761    491 33269.522    33715.639    35902.269
174  TIM+F+R2      16173.020    491 33328.040    33774.157    35960.788
175  TIM+F+R3      16145.537    493 33277.074    33727.660    35920.545
176  TIM+F+R4      16145.494    495 33280.988    33736.076    35935.183
183  TIM2e         17117.103    486 35206.206    35641.283    37812.143
184  TIM2e+I       16273.706    487 33521.411    33958.681    36132.710
185  TIM2e+G4      16178.433    487 33330.866    33768.136    35942.165
186  TIM2e+I+G4    16162.264    488 33300.528    33739.998    35917.189
187  TIM2e+R2      16186.125    488 33348.251    33787.720    35964.912
188  TIM2e+R3      16162.787    490 33305.575    33749.468    35932.960
189  TIM2e+R4      16162.764    492 33309.528    33757.875    35947.637
196  TIM2+F        17104.577    489 35187.154    35628.831    37809.177
197  TIM2+F+I      16269.353    490 33518.706    33962.599    36146.091
198  TIM2+F+G4     16175.236    490 33330.472    33774.365    35957.858
199  TIM2+F+I+G4   16157.853    491 33297.707    33743.823    35930.454
200  TIM2+F+R2     16184.964    491 33351.928    33798.044    35984.675
201  TIM2+F+R3     16159.150    493 33304.300    33754.886    35947.771
202  TIM2+F+R4     16159.126    495 33308.252    33763.340    35962.447
209  TIM3e         17127.506    486 35227.012    35662.089    37832.949
210  TIM3e+I       16283.289    487 33540.579    33977.848    36151.878
211  TIM3e+G4      16188.820    487 33351.641    33788.911    35962.940
212  TIM3e+I+G4    16172.477    488 33320.954    33760.424    35937.615
213  TIM3e+R2      16196.284    488 33368.567    33808.037    35985.229
214  TIM3e+R3      16172.966    490 33325.933    33769.826    35953.318
215  TIM3e+R4      16172.948    492 33329.897    33778.244    35968.006
222  TIM3+F        17112.458    489 35202.916    35644.593    37824.939
223  TIM3+F+I      16277.411    490 33534.823    33978.716    36162.208
224  TIM3+F+G4     16183.310    490 33346.620    33790.513    35974.005
225  TIM3+F+I+G4   16165.661    491 33313.322    33759.438    35946.069
226  TIM3+F+R2     16193.166    491 33368.331    33814.448    36001.078
227  TIM3+F+R3     16166.982    493 33319.963    33770.550    35963.435
228  TIM3+F+R4     16166.958    495 33323.915    33779.003    35978.111
235  TVMe          17100.729    487 35175.458    35612.728    37786.757
236  TVMe+I        16250.587    488 33477.173    33916.643    36093.834
237  TVMe+G4       16155.354    488 33286.709    33726.179    35903.370
238  TVMe+I+G4     16138.451    489 33254.901    33696.579    35876.924
239  TVMe+R2       16162.425    489 33302.851    33744.528    35924.874
240  TVMe+R3       16138.522    491 33259.044    33705.160    35891.791
241  TVMe+R4       16138.508    493 33263.017    33713.603    35906.488
248  TVM+F         17095.197    490 35170.395    35614.288    37797.780
249  TVM+F+I       16250.713    491 33483.427    33929.543    36116.174
250  TVM+F+G4      16156.154    491 33294.307    33740.424    35927.055
251  TVM+F+I+G4    16137.891    492 33259.782    33708.130    35897.891
252  TVM+F+R2      16163.864    492 33311.728    33760.075    35949.837
253  TVM+F+R3      16138.214    494 33264.428    33717.261    35913.261
254  TVM+F+R4      16138.190    496 33268.380    33725.730    35927.937
261  SYM           17096.952    488 35169.903    35609.373    37786.564
262  SYM+I         16249.409    489 33476.817    33918.495    36098.840
263  SYM+G4        16154.758    489 33287.515    33729.193    35909.539
264  SYM+I+G4      16137.652    490 33255.304    33699.197    35882.689
265  SYM+R2        16162.380    490 33304.760    33748.653    35932.145
266  SYM+R3        16138.022    492 33260.043    33708.391    35898.152
267  SYM+R4        16137.810    494 33263.619    33716.452    35912.452
274  GTR+F         17083.622    491 35149.244    35595.360    37781.991
275  GTR+F+I       16245.356    492 33474.711    33923.059    36112.820
276  GTR+F+G4      16151.835    492 33287.671    33736.018    35925.780
277  GTR+F+I+G4    16133.353    493 33252.706    33703.292    35896.177
278  GTR+F+R2      16161.884    493 33309.769    33760.355    35953.240
279  GTR+F+R3      16134.509    495 33259.019    33714.107    35913.214
280  GTR+F+R4      16134.485    497 33262.970    33722.591    35927.889
Akaike Information Criterion:           GTR+F+I+G4
Corrected Akaike Information Criterion: TVMe+I+G4
Bayesian Information Criterion:         TVMe+I+G4
Best-fit model: TVMe+I+G4 chosen according to BIC

All model information printed to all_G_unique.fasta.model.gz
CPU time for ModelFinder: 188.469 seconds (0h:3m:8s)
Wall-clock time for ModelFinder: 191.913 seconds (0h:3m:11s)

NOTE: 24 MB RAM (0 GB) is required!
Estimate model parameters (epsilon = 0.100)
Thoroughly optimizing +I+G parameters from 10 start values...
Init pinv, alpha: 0.000, 1.000 / Estimate: 0.000, 0.379 / LogL: -16155.361
Init pinv, alpha: 0.052, 1.000 / Estimate: 0.058, 0.433 / LogL: -16154.828
Init pinv, alpha: 0.105, 1.000 / Estimate: 0.118, 0.504 / LogL: -16153.615
Init pinv, alpha: 0.157, 1.000 / Estimate: 0.383, 1.508 / LogL: -16138.337
Init pinv, alpha: 0.209, 1.000 / Estimate: 0.382, 1.503 / LogL: -16138.377
Init pinv, alpha: 0.261, 1.000 / Estimate: 0.383, 1.510 / LogL: -16138.398
Init pinv, alpha: 0.314, 1.000 / Estimate: 0.382, 1.506 / LogL: -16138.446
Init pinv, alpha: 0.366, 1.000 / Estimate: 0.381, 1.491 / LogL: -16138.526
Init pinv, alpha: 0.418, 1.000 / Estimate: 0.394, 1.630 / LogL: -16138.465
Init pinv, alpha: 0.470, 1.000 / Estimate: 0.396, 1.664 / LogL: -16138.572
Optimal pinv,alpha: 0.383, 1.508 / LogL: -16138.337

Parameters optimization took 48.395 sec
Computing ML distances based on estimated model parameters... 0.891 sec
Computing BIONJ tree...
0.100 seconds
Log-likelihood of BIONJ tree: -16305.610
--------------------------------------------------------------------
|             INITIALIZING CANDIDATE TREE SET                      |
--------------------------------------------------------------------
Generating 98 parsimony trees... 5.588 second
Computing log-likelihood of 98 initial trees ... 11.971 seconds
Current best score: -16125.013

Do NNI search on 20 best initial trees
Estimate model parameters (epsilon = 0.100)
BETTER TREE FOUND at iteration 1: -16107.025
Iteration 10 / LogL: -16114.567 / Time: 0h:1m:19s
Iteration 20 / LogL: -16122.762 / Time: 0h:1m:32s
Finish initializing candidate tree set (20)
Current best tree score: -16107.025 / CPU time: 42.183
Number of iterations: 20
--------------------------------------------------------------------
|               OPTIMIZING CANDIDATE TREE SET                      |
--------------------------------------------------------------------
Estimate model parameters (epsilon = 0.100)
BETTER TREE FOUND at iteration 21: -16105.020
Iteration 30 / LogL: -16105.022 / Time: 0h:1m:52s (0h:5m:53s left)
BETTER TREE FOUND at iteration 39: -16105.019
Iteration 40 / LogL: -16120.323 / Time: 0h:2m:15s (0h:5m:43s left)
Iteration 50 / LogL: -16105.031 / Time: 0h:2m:33s (0h:4m:39s left)
Iteration 60 / LogL: -16111.816 / Time: 0h:2m:51s (0h:3m:49s left)
BETTER TREE FOUND at iteration 63: -16105.018
Iteration 70 / LogL: -16105.018 / Time: 0h:3m:9s (0h:4m:15s left)
Iteration 80 / LogL: -16107.297 / Time: 0h:3m:28s (0h:3m:39s left)
Iteration 90 / LogL: -16105.023 / Time: 0h:3m:46s (0h:3m:5s left)
Iteration 100 / LogL: -16105.024 / Time: 0h:4m:4s (0h:2m:35s left)
Iteration 110 / LogL: -16105.030 / Time: 0h:4m:20s (0h:2m:6s left)
Iteration 120 / LogL: -16105.026 / Time: 0h:4m:39s (0h:1m:40s left)
Iteration 130 / LogL: -16105.025 / Time: 0h:4m:57s (0h:1m:15s left)
Iteration 140 / LogL: -16117.967 / Time: 0h:5m:13s (0h:0m:51s left)
Iteration 150 / LogL: -16123.658 / Time: 0h:5m:31s (0h:0m:28s left)
Iteration 160 / LogL: -16105.020 / Time: 0h:5m:50s (0h:0m:6s left)
TREE SEARCH COMPLETED AFTER 164 ITERATIONS / Time: 0h:5m:58s

--------------------------------------------------------------------
|                    FINALIZING TREE SEARCH                        |
--------------------------------------------------------------------
Performs final model parameters optimization
Estimate model parameters (epsilon = 0.010)
1. Initial log-likelihood: -16105.018
Optimal log-likelihood: -16105.012
Rate parameters:  A-C: 1.33675  A-G: 9.16366  A-T: 0.73940  C-G: 0.26218  C-T: 9.16366  G-T: 1.00000
Base frequencies:  A: 0.250  C: 0.250  G: 0.250  T: 0.250
Proportion of invariable sites: 0.387
Gamma shape alpha: 1.582
Parameters optimization took 1 rounds (0.283 sec)
BEST SCORE FOUND : -16105.012
Ancestral state probabilities printed to all_G_unique.fasta.state
Total tree length: 2.420

Total number of iterations: 164
CPU time used for tree search: 305.094 sec (0h:5m:5s)
Wall-clock time used for tree search: 308.026 sec (0h:5m:8s)
Total CPU time used: 358.875 sec (0h:5m:58s)
Total wall-clock time used: 366.877 sec (0h:6m:6s)

Analysis results written to: 
  IQ-TREE report:                all_G_unique.fasta.iqtree
  Maximum-likelihood tree:       all_G_unique.fasta.treefile
  Likelihood distances:          all_G_unique.fasta.mldist
  Ancestral state:               all_G_unique.fasta.state
  Screen log file:               all_G_unique.fasta.log

Date and Time: Thu Oct 19 14:44:23 2023
